{"/home/travis/build/npmtest/node-npmtest-cpx/test.js":{"path":"/home/travis/build/npmtest/node-npmtest-cpx/test.js","s":{"1":2,"2":2,"3":2,"4":2,"5":2,"6":2,"7":2,"8":1,"9":2,"10":2,"11":1,"12":1,"13":1,"14":1,"15":2,"16":2,"17":2,"18":2,"19":1,"20":1,"21":2,"22":2,"23":2,"24":1,"25":1,"26":1,"27":1,"28":1,"29":1,"30":1,"31":1,"32":1,"33":1,"34":1,"35":1,"36":1,"37":1,"38":1,"39":2,"40":2,"41":1,"42":2,"43":2,"44":1,"45":2,"46":2,"47":1,"48":2,"49":2,"50":1,"51":1,"52":1,"53":1,"54":1},"b":{"1":[2,1,1,1],"2":[1,1,1,1],"3":[1,1],"4":[1,1],"5":[1,1],"6":[1,1],"7":[1,1],"8":[1,1],"9":[1,1],"10":[1,1,1],"11":[1,1],"12":[1,1],"13":[1,1],"14":[1,1],"15":[1,1],"16":[1,1],"17":[1,1]},"f":{"1":2,"2":2,"3":2,"4":2,"5":2,"6":1,"7":1,"8":1,"9":2,"10":2,"11":2,"12":2,"13":1},"fnMap":{"1":{"name":"(anonymous_1)","line":12,"loc":{"start":{"line":12,"column":1},"end":{"line":12,"column":13}}},"2":{"name":"(anonymous_2)","line":19,"loc":{"start":{"line":19,"column":5},"end":{"line":19,"column":17}}},"3":{"name":"(anonymous_3)","line":23,"loc":{"start":{"line":23,"column":24},"end":{"line":23,"column":36}}},"4":{"name":"(anonymous_4)","line":61,"loc":{"start":{"line":61,"column":5},"end":{"line":61,"column":17}}},"5":{"name":"(anonymous_5)","line":82,"loc":{"start":{"line":82,"column":5},"end":{"line":82,"column":17}}},"6":{"name":"(anonymous_6)","line":91,"loc":{"start":{"line":91,"column":77},"end":{"line":94,"column":10}}},"7":{"name":"(anonymous_7)","line":112,"loc":{"start":{"line":112,"column":83},"end":{"line":115,"column":10}},"skip":true},"8":{"name":"(anonymous_8)","line":123,"loc":{"start":{"line":123,"column":77},"end":{"line":126,"column":10}},"skip":true},"9":{"name":"(anonymous_9)","line":139,"loc":{"start":{"line":139,"column":12},"end":{"line":139,"column":40}},"skip":true},"10":{"name":"(anonymous_10)","line":147,"loc":{"start":{"line":147,"column":77},"end":{"line":150,"column":10}},"skip":true},"11":{"name":"(anonymous_11)","line":158,"loc":{"start":{"line":158,"column":83},"end":{"line":161,"column":10}},"skip":true},"12":{"name":"(anonymous_12)","line":169,"loc":{"start":{"line":169,"column":79},"end":{"line":172,"column":10}},"skip":true},"13":{"name":"(anonymous_13)","line":180,"loc":{"start":{"line":180,"column":75},"end":{"line":183,"column":10}},"skip":true}},"statementMap":{"1":{"start":{"line":12,"column":0},"end":{"line":195,"column":5}},"2":{"start":{"line":14,"column":4},"end":{"line":14,"column":14}},"3":{"start":{"line":19,"column":4},"end":{"line":56,"column":9}},"4":{"start":{"line":21,"column":8},"end":{"line":21,"column":19}},"5":{"start":{"line":23,"column":8},"end":{"line":35,"column":13}},"6":{"start":{"line":24,"column":12},"end":{"line":34,"column":13}},"7":{"start":{"line":25,"column":16},"end":{"line":28,"column":30}},"8":{"start":{"line":30,"column":16},"end":{"line":33,"column":27}},"9":{"start":{"line":37,"column":8},"end":{"line":39,"column":21}},"10":{"start":{"line":40,"column":8},"end":{"line":53,"column":9}},"11":{"start":{"line":43,"column":12},"end":{"line":46,"column":14}},"12":{"start":{"line":47,"column":12},"end":{"line":47,"column":18}},"13":{"start":{"line":50,"column":12},"end":{"line":51,"column":46}},"14":{"start":{"line":52,"column":12},"end":{"line":52,"column":18}},"15":{"start":{"line":55,"column":8},"end":{"line":55,"column":35}},"16":{"start":{"line":61,"column":4},"end":{"line":63,"column":9}},"17":{"start":{"line":62,"column":8},"end":{"line":62,"column":15}},"18":{"start":{"line":64,"column":4},"end":{"line":77,"column":5}},"19":{"start":{"line":70,"column":8},"end":{"line":70,"column":14}},"20":{"start":{"line":76,"column":8},"end":{"line":76,"column":14}},"21":{"start":{"line":82,"column":4},"end":{"line":84,"column":9}},"22":{"start":{"line":83,"column":8},"end":{"line":83,"column":15}},"23":{"start":{"line":85,"column":4},"end":{"line":194,"column":5}},"24":{"start":{"line":91,"column":8},"end":{"line":99,"column":10}},"25":{"start":{"line":98,"column":12},"end":{"line":98,"column":35}},"26":{"start":{"line":102,"column":8},"end":{"line":104,"column":63}},"27":{"start":{"line":105,"column":8},"end":{"line":105,"column":14}},"28":{"start":{"line":112,"column":8},"end":{"line":121,"column":10},"skip":true},"29":{"start":{"line":119,"column":12},"end":{"line":119,"column":55},"skip":true},"30":{"start":{"line":120,"column":12},"end":{"line":120,"column":48},"skip":true},"31":{"start":{"line":123,"column":8},"end":{"line":136,"column":10},"skip":true},"32":{"start":{"line":130,"column":12},"end":{"line":130,"column":76},"skip":true},"33":{"start":{"line":131,"column":12},"end":{"line":131,"column":73},"skip":true},"34":{"start":{"line":132,"column":12},"end":{"line":132,"column":74},"skip":true},"35":{"start":{"line":133,"column":12},"end":{"line":133,"column":79},"skip":true},"36":{"start":{"line":134,"column":12},"end":{"line":134,"column":25},"skip":true},"37":{"start":{"line":135,"column":12},"end":{"line":135,"column":45},"skip":true},"38":{"start":{"line":138,"column":8},"end":{"line":145,"column":14},"skip":true},"39":{"start":{"line":143,"column":16},"end":{"line":143,"column":29},"skip":true},"40":{"start":{"line":144,"column":16},"end":{"line":144,"column":55},"skip":true},"41":{"start":{"line":147,"column":8},"end":{"line":156,"column":10},"skip":true},"42":{"start":{"line":154,"column":12},"end":{"line":154,"column":25},"skip":true},"43":{"start":{"line":155,"column":12},"end":{"line":155,"column":45},"skip":true},"44":{"start":{"line":158,"column":8},"end":{"line":167,"column":10},"skip":true},"45":{"start":{"line":165,"column":12},"end":{"line":165,"column":25},"skip":true},"46":{"start":{"line":166,"column":12},"end":{"line":166,"column":48},"skip":true},"47":{"start":{"line":169,"column":8},"end":{"line":178,"column":10},"skip":true},"48":{"start":{"line":176,"column":12},"end":{"line":176,"column":25},"skip":true},"49":{"start":{"line":177,"column":12},"end":{"line":177,"column":46},"skip":true},"50":{"start":{"line":180,"column":8},"end":{"line":189,"column":10},"skip":true},"51":{"start":{"line":187,"column":12},"end":{"line":187,"column":94},"skip":true},"52":{"start":{"line":188,"column":12},"end":{"line":188,"column":48},"skip":true},"53":{"start":{"line":192,"column":8},"end":{"line":192,"column":35},"skip":true},"54":{"start":{"line":193,"column":8},"end":{"line":193,"column":14},"skip":true}},"branchMap":{"1":{"line":25,"type":"binary-expr","locations":[{"start":{"line":25,"column":23},"end":{"line":25,"column":62}},{"start":{"line":26,"column":20},"end":{"line":26,"column":70}},{"start":{"line":27,"column":20},"end":{"line":27,"column":71}},{"start":{"line":28,"column":20},"end":{"line":28,"column":29}}]},"2":{"line":30,"type":"binary-expr","locations":[{"start":{"line":30,"column":23},"end":{"line":30,"column":37}},{"start":{"line":31,"column":20},"end":{"line":31,"column":61}},{"start":{"line":32,"column":20},"end":{"line":32,"column":70}},{"start":{"line":33,"column":20},"end":{"line":33,"column":26}}]},"3":{"line":37,"type":"cond-expr","locations":[{"start":{"line":38,"column":14},"end":{"line":38,"column":20}},{"start":{"line":39,"column":14},"end":{"line":39,"column":20}}]},"4":{"line":40,"type":"switch","locations":[{"start":{"line":42,"column":8},"end":{"line":47,"column":18}},{"start":{"line":49,"column":8},"end":{"line":52,"column":18}}]},"5":{"line":44,"type":"binary-expr","locations":[{"start":{"line":44,"column":16},"end":{"line":44,"column":44}},{"start":{"line":44,"column":48},"end":{"line":44,"column":66}}]},"6":{"line":50,"type":"binary-expr","locations":[{"start":{"line":50,"column":21},"end":{"line":50,"column":49}},{"start":{"line":50,"column":53},"end":{"line":50,"column":72}}]},"7":{"line":64,"type":"switch","locations":[{"start":{"line":69,"column":4},"end":{"line":70,"column":14}},{"start":{"line":75,"column":4},"end":{"line":76,"column":14}}]},"8":{"line":85,"type":"switch","locations":[{"start":{"line":90,"column":4},"end":{"line":105,"column":14}},{"start":{"line":111,"column":4},"end":{"line":193,"column":14},"skip":true}]},"9":{"line":91,"type":"binary-expr","locations":[{"start":{"line":91,"column":42},"end":{"line":91,"column":73}},{"start":{"line":91,"column":77},"end":{"line":99,"column":9}}]},"10":{"line":102,"type":"binary-expr","locations":[{"start":{"line":102,"column":18},"end":{"line":102,"column":32}},{"start":{"line":103,"column":12},"end":{"line":103,"column":53}},{"start":{"line":104,"column":12},"end":{"line":104,"column":61}}]},"11":{"line":112,"type":"binary-expr","locations":[{"start":{"line":112,"column":45},"end":{"line":112,"column":79},"skip":true},{"start":{"line":112,"column":83},"end":{"line":121,"column":9},"skip":true}]},"12":{"line":123,"type":"binary-expr","locations":[{"start":{"line":123,"column":42},"end":{"line":123,"column":73},"skip":true},{"start":{"line":123,"column":77},"end":{"line":136,"column":9},"skip":true}]},"13":{"line":138,"type":"binary-expr","locations":[{"start":{"line":138,"column":48},"end":{"line":138,"column":85},"skip":true},{"start":{"line":139,"column":12},"end":{"line":145,"column":13},"skip":true}]},"14":{"line":147,"type":"binary-expr","locations":[{"start":{"line":147,"column":42},"end":{"line":147,"column":73},"skip":true},{"start":{"line":147,"column":77},"end":{"line":156,"column":9},"skip":true}]},"15":{"line":158,"type":"binary-expr","locations":[{"start":{"line":158,"column":45},"end":{"line":158,"column":79},"skip":true},{"start":{"line":158,"column":83},"end":{"line":167,"column":9},"skip":true}]},"16":{"line":169,"type":"binary-expr","locations":[{"start":{"line":169,"column":43},"end":{"line":169,"column":75},"skip":true},{"start":{"line":169,"column":79},"end":{"line":178,"column":9},"skip":true}]},"17":{"line":180,"type":"binary-expr","locations":[{"start":{"line":180,"column":41},"end":{"line":180,"column":71},"skip":true},{"start":{"line":180,"column":75},"end":{"line":189,"column":9},"skip":true}]}},"code":["/* istanbul instrument in package npmtest_cpx */","/*jslint","    bitwise: true,","    browser: true,","    maxerr: 8,","    maxlen: 96,","    node: true,","    nomen: true,","    regexp: true,","    stupid: true","*/","(function () {","    'use strict';","    var local;","","","","    // run shared js-env code - pre-init","    (function () {","        // init local","        local = {};","        // init modeJs","        local.modeJs = (function () {","            try {","                return typeof navigator.userAgent === 'string' &&","                    typeof document.querySelector('body') === 'object' &&","                    typeof XMLHttpRequest.prototype.open === 'function' &&","                    'browser';","            } catch (errorCaughtBrowser) {","                return module.exports &&","                    typeof process.versions.node === 'string' &&","                    typeof require('http').createServer === 'function' &&","                    'node';","            }","        }());","        // init global","        local.global = local.modeJs === 'browser'","            ? window","            : global;","        switch (local.modeJs) {","        // re-init local from window.local","        case 'browser':","            local = local.global.utility2.objectSetDefault(","                local.global.utility2_rollup || local.global.local,","                local.global.utility2","            );","            break;","        // re-init local from example.js","        case 'node':","            local = (local.global.utility2_rollup || require('utility2'))","                .requireExampleJsFromReadme();","            break;","        }","        // export local","        local.global.local = local;","    }());","","","","    // run shared js-env code - function","    (function () {","        return;","    }());","    switch (local.modeJs) {","","","","    // run browser js-env code - function","    case 'browser':","        break;","","","","    // run node js-env code - function","    case 'node':","        break;","    }","","","","    // run shared js-env code - post-init","    (function () {","        return;","    }());","    switch (local.modeJs) {","","","","    // run browser js-env code - post-init","    case 'browser':","        local.testCase_browser_nullCase = local.testCase_browser_nullCase || function (","            options,","            onError","        ) {","        /*","         * this function will test browsers's null-case handling-behavior-behavior","         */","            onError(null, options);","        };","","        // run tests","        local.nop(local.modeTest &&","            document.querySelector('#testRunButton1') &&","            document.querySelector('#testRunButton1').click());","        break;","","","","    // run node js-env code - post-init","    /* istanbul ignore next */","    case 'node':","        local.testCase_buildApidoc_default = local.testCase_buildApidoc_default || function (","            options,","            onError","        ) {","        /*","         * this function will test buildApidoc's default handling-behavior-behavior","         */","            options = { modulePathList: module.paths };","            local.buildApidoc(options, onError);","        };","","        local.testCase_buildApp_default = local.testCase_buildApp_default || function (","            options,","            onError","        ) {","        /*","         * this function will test buildApp's default handling-behavior-behavior","         */","            local.testCase_buildReadme_default(options, local.onErrorThrow);","            local.testCase_buildLib_default(options, local.onErrorThrow);","            local.testCase_buildTest_default(options, local.onErrorThrow);","            local.testCase_buildCustomOrg_default(options, local.onErrorThrow);","            options = [];","            local.buildApp(options, onError);","        };","","        local.testCase_buildCustomOrg_default = local.testCase_buildCustomOrg_default ||","            function (options, onError) {","            /*","             * this function will test buildCustomOrg's default handling-behavior","             */","                options = {};","                local.buildCustomOrg(options, onError);","            };","","        local.testCase_buildLib_default = local.testCase_buildLib_default || function (","            options,","            onError","        ) {","        /*","         * this function will test buildLib's default handling-behavior","         */","            options = {};","            local.buildLib(options, onError);","        };","","        local.testCase_buildReadme_default = local.testCase_buildReadme_default || function (","            options,","            onError","        ) {","        /*","         * this function will test buildReadme's default handling-behavior-behavior","         */","            options = {};","            local.buildReadme(options, onError);","        };","","        local.testCase_buildTest_default = local.testCase_buildTest_default || function (","            options,","            onError","        ) {","        /*","         * this function will test buildTest's default handling-behavior","         */","            options = {};","            local.buildTest(options, onError);","        };","","        local.testCase_webpage_default = local.testCase_webpage_default || function (","            options,","            onError","        ) {","        /*","         * this function will test webpage's default handling-behavior","         */","            options = { modeCoverageMerge: true, url: local.serverLocalHost + '?modeTest=1' };","            local.browserTest(options, onError);","        };","","        // run test-server","        local.testRunServer(local);","        break;","    }","}());",""],"l":{"12":2,"14":2,"19":2,"21":2,"23":2,"24":2,"25":2,"30":1,"37":2,"40":2,"43":1,"47":1,"50":1,"52":1,"55":2,"61":2,"62":2,"64":2,"70":1,"76":1,"82":2,"83":2,"85":2,"91":1,"98":1,"102":1,"105":1,"112":1,"119":1,"120":1,"123":1,"130":1,"131":1,"132":1,"133":1,"134":1,"135":1,"138":1,"143":2,"144":2,"147":1,"154":2,"155":2,"158":1,"165":2,"166":2,"169":1,"176":2,"177":2,"180":1,"187":1,"188":1,"192":1,"193":1}},"/home/travis/build/npmtest/node-npmtest-cpx/lib.npmtest_cpx.js":{"path":"/home/travis/build/npmtest/node-npmtest-cpx/lib.npmtest_cpx.js","s":{"1":2,"2":2,"3":2,"4":2,"5":2,"6":2,"7":2,"8":1,"9":2,"10":2,"11":2,"12":2,"13":1,"14":1,"15":1,"16":1},"b":{"1":[2,1,1,1],"2":[1,1,1,1],"3":[1,1],"4":[2,2],"5":[1,1]},"f":{"1":2,"2":2,"3":2},"fnMap":{"1":{"name":"(anonymous_1)","line":12,"loc":{"start":{"line":12,"column":1},"end":{"line":12,"column":13}}},"2":{"name":"(anonymous_2)","line":19,"loc":{"start":{"line":19,"column":5},"end":{"line":19,"column":17}}},"3":{"name":"(anonymous_3)","line":23,"loc":{"start":{"line":23,"column":24},"end":{"line":23,"column":36}}}},"statementMap":{"1":{"start":{"line":12,"column":0},"end":{"line":53,"column":5}},"2":{"start":{"line":14,"column":4},"end":{"line":14,"column":14}},"3":{"start":{"line":19,"column":4},"end":{"line":52,"column":9}},"4":{"start":{"line":21,"column":8},"end":{"line":21,"column":19}},"5":{"start":{"line":23,"column":8},"end":{"line":35,"column":13}},"6":{"start":{"line":24,"column":12},"end":{"line":34,"column":13}},"7":{"start":{"line":25,"column":16},"end":{"line":28,"column":30}},"8":{"start":{"line":30,"column":16},"end":{"line":33,"column":27}},"9":{"start":{"line":37,"column":8},"end":{"line":39,"column":21}},"10":{"start":{"line":41,"column":8},"end":{"line":41,"column":54}},"11":{"start":{"line":43,"column":8},"end":{"line":43,"column":48}},"12":{"start":{"line":45,"column":8},"end":{"line":51,"column":9}},"13":{"start":{"line":46,"column":12},"end":{"line":46,"column":54}},"14":{"start":{"line":48,"column":12},"end":{"line":48,"column":35}},"15":{"start":{"line":49,"column":12},"end":{"line":49,"column":49}},"16":{"start":{"line":50,"column":12},"end":{"line":50,"column":43}}},"branchMap":{"1":{"line":25,"type":"binary-expr","locations":[{"start":{"line":25,"column":23},"end":{"line":25,"column":62}},{"start":{"line":26,"column":20},"end":{"line":26,"column":70}},{"start":{"line":27,"column":20},"end":{"line":27,"column":71}},{"start":{"line":28,"column":20},"end":{"line":28,"column":29}}]},"2":{"line":30,"type":"binary-expr","locations":[{"start":{"line":30,"column":23},"end":{"line":30,"column":37}},{"start":{"line":31,"column":20},"end":{"line":31,"column":61}},{"start":{"line":32,"column":20},"end":{"line":32,"column":70}},{"start":{"line":33,"column":20},"end":{"line":33,"column":26}}]},"3":{"line":37,"type":"cond-expr","locations":[{"start":{"line":38,"column":14},"end":{"line":38,"column":20}},{"start":{"line":39,"column":14},"end":{"line":39,"column":20}}]},"4":{"line":41,"type":"binary-expr","locations":[{"start":{"line":41,"column":16},"end":{"line":41,"column":44}},{"start":{"line":41,"column":48},"end":{"line":41,"column":53}}]},"5":{"line":45,"type":"if","locations":[{"start":{"line":45,"column":8},"end":{"line":45,"column":8}},{"start":{"line":45,"column":8},"end":{"line":45,"column":8}}]}},"code":["/* istanbul instrument in package npmtest_cpx */","/*jslint","    bitwise: true,","    browser: true,","    maxerr: 8,","    maxlen: 96,","    node: true,","    nomen: true,","    regexp: true,","    stupid: true","*/","(function () {","    'use strict';","    var local;","","","","    // run shared js-env code - pre-init","    (function () {","        // init local","        local = {};","        // init modeJs","        local.modeJs = (function () {","            try {","                return typeof navigator.userAgent === 'string' &&","                    typeof document.querySelector('body') === 'object' &&","                    typeof XMLHttpRequest.prototype.open === 'function' &&","                    'browser';","            } catch (errorCaughtBrowser) {","                return module.exports &&","                    typeof process.versions.node === 'string' &&","                    typeof require('http').createServer === 'function' &&","                    'node';","            }","        }());","        // init global","        local.global = local.modeJs === 'browser'","            ? window","            : global;","        // init utility2_rollup","        local = local.global.utility2_rollup || local;","        // init lib","        local.local = local.npmtest_cpx = local;","        // init exports","        if (local.modeJs === 'browser') {","            local.global.utility2_npmtest_cpx = local;","        } else {","            module.exports = local;","            module.exports.__dirname = __dirname;","            module.exports.module = module;","        }","    }());","}());",""],"l":{"12":2,"14":2,"19":2,"21":2,"23":2,"24":2,"25":2,"30":1,"37":2,"41":2,"43":2,"45":2,"46":1,"48":1,"49":1,"50":1}},"/home/travis/build/npmtest/node-npmtest-cpx/example.js":{"path":"/home/travis/build/npmtest/node-npmtest-cpx/example.js","s":{"1":2,"2":2,"3":2,"4":2,"5":2,"6":2,"7":2,"8":1,"9":2,"10":2,"11":2,"12":2,"13":1,"14":2,"15":2,"16":2,"17":2,"18":2,"19":0,"20":2,"21":1,"22":1,"23":1,"24":1,"25":1,"26":0,"27":0,"28":1,"29":1,"30":2,"31":0,"32":0,"33":0,"34":1,"35":2,"36":2,"37":3,"38":3,"39":3,"40":3,"41":0,"42":3,"43":3,"44":3,"45":1,"46":3,"47":1,"48":1,"49":1,"50":1,"51":1,"52":1,"53":1,"54":1,"55":1,"56":1,"57":0,"58":1,"59":6,"60":6,"61":1,"62":2,"63":0,"64":2,"65":1,"66":1,"67":0,"68":0,"69":0,"70":0,"71":0,"72":0,"73":0,"74":0,"75":0,"76":0,"77":0,"78":0,"79":0,"80":0,"81":0,"82":0,"83":0},"b":{"1":[2,1,1,1],"2":[1,1,1,1],"3":[1,1],"4":[2,2],"5":[1,1],"6":[1,1],"7":[2,0],"8":[2,1,1,1,1,1],"9":[0,2,0],"10":[1,1],"11":[2,1,1],"12":[1,0],"13":[0,2],"14":[2,0,0,0,0,0,0],"15":[0,3],"16":[3,0],"17":[1,1],"18":[0,1],"19":[1,2,0,2],"20":[1,0],"21":[1,1],"22":[0,0],"23":[0,0],"24":[0,0],"25":[0,0],"26":[0,0],"27":[0,0],"28":[0,0]},"f":{"1":2,"2":2,"3":2,"4":2,"5":2,"6":2,"7":3,"8":3,"9":3,"10":1,"11":6,"12":0},"fnMap":{"1":{"name":"(anonymous_1)","line":26,"loc":{"start":{"line":26,"column":1},"end":{"line":26,"column":13}}},"2":{"name":"(anonymous_2)","line":33,"loc":{"start":{"line":33,"column":5},"end":{"line":33,"column":17}}},"3":{"name":"(anonymous_3)","line":37,"loc":{"start":{"line":37,"column":24},"end":{"line":37,"column":36}}},"4":{"name":"(anonymous_4)","line":69,"loc":{"start":{"line":69,"column":31},"end":{"line":69,"column":48}},"skip":true},"5":{"name":"(anonymous_5)","line":78,"loc":{"start":{"line":78,"column":26},"end":{"line":78,"column":45}},"skip":true},"6":{"name":"(anonymous_6)","line":123,"loc":{"start":{"line":123,"column":33},"end":{"line":123,"column":48}},"skip":true},"7":{"name":"(anonymous_7)","line":125,"loc":{"start":{"line":125,"column":27},"end":{"line":125,"column":39}},"skip":true},"8":{"name":"(anonymous_8)","line":133,"loc":{"start":{"line":133,"column":59},"end":{"line":133,"column":74}},"skip":true},"9":{"name":"(anonymous_9)","line":143,"loc":{"start":{"line":143,"column":45},"end":{"line":143,"column":62}},"skip":true},"10":{"name":"(anonymous_10)","line":144,"loc":{"start":{"line":144,"column":73},"end":{"line":144,"column":92}},"skip":true},"11":{"name":"(anonymous_11)","line":272,"loc":{"start":{"line":272,"column":51},"end":{"line":272,"column":77}},"skip":true},"12":{"name":"(anonymous_12)","line":315,"loc":{"start":{"line":315,"column":32},"end":{"line":315,"column":61}},"skip":true}},"statementMap":{"1":{"start":{"line":26,"column":0},"end":{"line":326,"column":5}},"2":{"start":{"line":28,"column":4},"end":{"line":28,"column":14}},"3":{"start":{"line":33,"column":4},"end":{"line":60,"column":9}},"4":{"start":{"line":35,"column":8},"end":{"line":35,"column":19}},"5":{"start":{"line":37,"column":8},"end":{"line":49,"column":13}},"6":{"start":{"line":38,"column":12},"end":{"line":48,"column":13}},"7":{"start":{"line":39,"column":16},"end":{"line":42,"column":30}},"8":{"start":{"line":44,"column":16},"end":{"line":47,"column":27}},"9":{"start":{"line":51,"column":8},"end":{"line":53,"column":21}},"10":{"start":{"line":55,"column":8},"end":{"line":57,"column":45}},"11":{"start":{"line":59,"column":8},"end":{"line":59,"column":35}},"12":{"start":{"line":61,"column":4},"end":{"line":325,"column":5}},"13":{"start":{"line":69,"column":8},"end":{"line":121,"column":10},"skip":true},"14":{"start":{"line":70,"column":12},"end":{"line":88,"column":13},"skip":true},"15":{"start":{"line":76,"column":16},"end":{"line":87,"column":19},"skip":true},"16":{"start":{"line":79,"column":20},"end":{"line":86,"column":21},"skip":true},"17":{"start":{"line":82,"column":24},"end":{"line":82,"column":43},"skip":true},"18":{"start":{"line":83,"column":24},"end":{"line":83,"column":30},"skip":true},"19":{"start":{"line":85,"column":24},"end":{"line":85,"column":49},"skip":true},"20":{"start":{"line":89,"column":12},"end":{"line":107,"column":13},"skip":true},"21":{"start":{"line":92,"column":16},"end":{"line":102,"column":17},"skip":true},"22":{"start":{"line":93,"column":20},"end":{"line":93,"column":86},"skip":true},"23":{"start":{"line":94,"column":20},"end":{"line":95,"column":45},"skip":true},"24":{"start":{"line":96,"column":20},"end":{"line":96,"column":42},"skip":true},"25":{"start":{"line":97,"column":20},"end":{"line":97,"column":48},"skip":true},"26":{"start":{"line":100,"column":20},"end":{"line":100,"column":85},"skip":true},"27":{"start":{"line":101,"column":20},"end":{"line":101,"column":96},"skip":true},"28":{"start":{"line":103,"column":16},"end":{"line":103,"column":22},"skip":true},"29":{"start":{"line":106,"column":16},"end":{"line":106,"column":22},"skip":true},"30":{"start":{"line":108,"column":12},"end":{"line":120,"column":13},"skip":true},"31":{"start":{"line":114,"column":16},"end":{"line":119,"column":17},"skip":true},"32":{"start":{"line":116,"column":20},"end":{"line":116,"column":78},"skip":true},"33":{"start":{"line":118,"column":20},"end":{"line":118,"column":47},"skip":true},"34":{"start":{"line":123,"column":8},"end":{"line":141,"column":11},"skip":true},"35":{"start":{"line":124,"column":12},"end":{"line":124,"column":54},"skip":true},"36":{"start":{"line":125,"column":12},"end":{"line":140,"column":14},"skip":true},"37":{"start":{"line":126,"column":16},"end":{"line":126,"column":28},"skip":true},"38":{"start":{"line":127,"column":16},"end":{"line":127,"column":69},"skip":true},"39":{"start":{"line":128,"column":16},"end":{"line":128,"column":75},"skip":true},"40":{"start":{"line":129,"column":16},"end":{"line":131,"column":17},"skip":true},"41":{"start":{"line":130,"column":20},"end":{"line":130,"column":27},"skip":true},"42":{"start":{"line":133,"column":16},"end":{"line":137,"column":36},"skip":true},"43":{"start":{"line":134,"column":20},"end":{"line":136,"column":55},"skip":true},"44":{"start":{"line":139,"column":16},"end":{"line":139,"column":57},"skip":true},"45":{"start":{"line":143,"column":8},"end":{"line":147,"column":11},"skip":true},"46":{"start":{"line":144,"column":12},"end":{"line":146,"column":15},"skip":true},"47":{"start":{"line":145,"column":16},"end":{"line":145,"column":70},"skip":true},"48":{"start":{"line":149,"column":8},"end":{"line":149,"column":31},"skip":true},"49":{"start":{"line":150,"column":8},"end":{"line":150,"column":14},"skip":true},"50":{"start":{"line":158,"column":8},"end":{"line":158,"column":31},"skip":true},"51":{"start":{"line":160,"column":8},"end":{"line":160,"column":33},"skip":true},"52":{"start":{"line":161,"column":8},"end":{"line":161,"column":37},"skip":true},"53":{"start":{"line":162,"column":8},"end":{"line":162,"column":35},"skip":true},"54":{"start":{"line":164,"column":8},"end":{"line":164,"column":50},"skip":true},"55":{"start":{"line":166,"column":8},"end":{"line":256,"column":2},"skip":true},"56":{"start":{"line":258,"column":8},"end":{"line":286,"column":9},"skip":true},"57":{"start":{"line":259,"column":12},"end":{"line":269,"column":14},"skip":true},"58":{"start":{"line":271,"column":12},"end":{"line":285,"column":19},"skip":true},"59":{"start":{"line":274,"column":20},"end":{"line":274,"column":35},"skip":true},"60":{"start":{"line":275,"column":20},"end":{"line":284,"column":21},"skip":true},"61":{"start":{"line":277,"column":24},"end":{"line":277,"column":64},"skip":true},"62":{"start":{"line":279,"column":24},"end":{"line":279,"column":40},"skip":true},"63":{"start":{"line":281,"column":24},"end":{"line":281,"column":40},"skip":true},"64":{"start":{"line":283,"column":24},"end":{"line":283,"column":39},"skip":true},"65":{"start":{"line":288,"column":8},"end":{"line":290,"column":9},"skip":true},"66":{"start":{"line":289,"column":12},"end":{"line":289,"column":18},"skip":true},"67":{"start":{"line":291,"column":8},"end":{"line":293,"column":54},"skip":true},"68":{"start":{"line":296,"column":8},"end":{"line":301,"column":37},"skip":true},"69":{"start":{"line":303,"column":8},"end":{"line":303,"column":82},"skip":true},"70":{"start":{"line":306,"column":8},"end":{"line":308,"column":9},"skip":true},"71":{"start":{"line":307,"column":12},"end":{"line":307,"column":82},"skip":true},"72":{"start":{"line":310,"column":8},"end":{"line":312,"column":9},"skip":true},"73":{"start":{"line":311,"column":12},"end":{"line":311,"column":18},"skip":true},"74":{"start":{"line":313,"column":8},"end":{"line":313,"column":54},"skip":true},"75":{"start":{"line":314,"column":8},"end":{"line":314,"column":69},"skip":true},"76":{"start":{"line":315,"column":8},"end":{"line":323,"column":36},"skip":true},"77":{"start":{"line":316,"column":12},"end":{"line":316,"column":61},"skip":true},"78":{"start":{"line":317,"column":12},"end":{"line":320,"column":13},"skip":true},"79":{"start":{"line":318,"column":16},"end":{"line":318,"column":75},"skip":true},"80":{"start":{"line":319,"column":16},"end":{"line":319,"column":23},"skip":true},"81":{"start":{"line":321,"column":12},"end":{"line":321,"column":38},"skip":true},"82":{"start":{"line":322,"column":12},"end":{"line":322,"column":27},"skip":true},"83":{"start":{"line":324,"column":8},"end":{"line":324,"column":14},"skip":true}},"branchMap":{"1":{"line":39,"type":"binary-expr","locations":[{"start":{"line":39,"column":23},"end":{"line":39,"column":62}},{"start":{"line":40,"column":20},"end":{"line":40,"column":70}},{"start":{"line":41,"column":20},"end":{"line":41,"column":71}},{"start":{"line":42,"column":20},"end":{"line":42,"column":29}}]},"2":{"line":44,"type":"binary-expr","locations":[{"start":{"line":44,"column":23},"end":{"line":44,"column":37}},{"start":{"line":45,"column":20},"end":{"line":45,"column":61}},{"start":{"line":46,"column":20},"end":{"line":46,"column":70}},{"start":{"line":47,"column":20},"end":{"line":47,"column":26}}]},"3":{"line":51,"type":"cond-expr","locations":[{"start":{"line":52,"column":14},"end":{"line":52,"column":20}},{"start":{"line":53,"column":14},"end":{"line":53,"column":20}}]},"4":{"line":55,"type":"binary-expr","locations":[{"start":{"line":55,"column":16},"end":{"line":55,"column":44}},{"start":{"line":55,"column":49},"end":{"line":57,"column":43}}]},"5":{"line":55,"type":"cond-expr","locations":[{"start":{"line":56,"column":14},"end":{"line":56,"column":47}},{"start":{"line":57,"column":14},"end":{"line":57,"column":43}}]},"6":{"line":61,"type":"switch","locations":[{"start":{"line":68,"column":4},"end":{"line":150,"column":14},"skip":true},{"start":{"line":156,"column":4},"end":{"line":324,"column":14},"skip":true}]},"7":{"line":70,"type":"if","locations":[{"start":{"line":70,"column":12},"end":{"line":70,"column":12},"skip":true},{"start":{"line":70,"column":12},"end":{"line":70,"column":12},"skip":true}]},"8":{"line":70,"type":"binary-expr","locations":[{"start":{"line":70,"column":16},"end":{"line":70,"column":22},"skip":true},{"start":{"line":70,"column":27},"end":{"line":70,"column":32},"skip":true},{"start":{"line":71,"column":20},"end":{"line":71,"column":39},"skip":true},{"start":{"line":72,"column":20},"end":{"line":72,"column":49},"skip":true},{"start":{"line":73,"column":20},"end":{"line":73,"column":58},"skip":true},{"start":{"line":74,"column":20},"end":{"line":74,"column":69},"skip":true}]},"9":{"line":79,"type":"switch","locations":[{"start":{"line":80,"column":20},"end":{"line":80,"column":33},"skip":true},{"start":{"line":81,"column":20},"end":{"line":83,"column":30},"skip":true},{"start":{"line":84,"column":20},"end":{"line":85,"column":49},"skip":true}]},"10":{"line":89,"type":"switch","locations":[{"start":{"line":90,"column":12},"end":{"line":103,"column":22},"skip":true},{"start":{"line":105,"column":12},"end":{"line":106,"column":22},"skip":true}]},"11":{"line":89,"type":"binary-expr","locations":[{"start":{"line":89,"column":20},"end":{"line":89,"column":25},"skip":true},{"start":{"line":89,"column":29},"end":{"line":89,"column":48},"skip":true},{"start":{"line":89,"column":52},"end":{"line":89,"column":74},"skip":true}]},"12":{"line":92,"type":"if","locations":[{"start":{"line":92,"column":16},"end":{"line":92,"column":16},"skip":true},{"start":{"line":92,"column":16},"end":{"line":92,"column":16},"skip":true}]},"13":{"line":108,"type":"if","locations":[{"start":{"line":108,"column":12},"end":{"line":108,"column":12},"skip":true},{"start":{"line":108,"column":12},"end":{"line":108,"column":12},"skip":true}]},"14":{"line":108,"type":"binary-expr","locations":[{"start":{"line":108,"column":16},"end":{"line":108,"column":61},"skip":true},{"start":{"line":108,"column":66},"end":{"line":108,"column":72},"skip":true},{"start":{"line":108,"column":77},"end":{"line":108,"column":82},"skip":true},{"start":{"line":109,"column":20},"end":{"line":109,"column":39},"skip":true},{"start":{"line":110,"column":20},"end":{"line":110,"column":49},"skip":true},{"start":{"line":111,"column":20},"end":{"line":111,"column":58},"skip":true},{"start":{"line":112,"column":20},"end":{"line":112,"column":68},"skip":true}]},"15":{"line":129,"type":"if","locations":[{"start":{"line":129,"column":16},"end":{"line":129,"column":16},"skip":true},{"start":{"line":129,"column":16},"end":{"line":129,"column":16},"skip":true}]},"16":{"line":134,"type":"cond-expr","locations":[{"start":{"line":135,"column":26},"end":{"line":135,"column":29},"skip":true},{"start":{"line":136,"column":26},"end":{"line":136,"column":54},"skip":true}]},"17":{"line":164,"type":"binary-expr","locations":[{"start":{"line":164,"column":27},"end":{"line":164,"column":43},"skip":true},{"start":{"line":164,"column":47},"end":{"line":164,"column":49},"skip":true}]},"18":{"line":258,"type":"if","locations":[{"start":{"line":258,"column":8},"end":{"line":258,"column":8},"skip":true},{"start":{"line":258,"column":8},"end":{"line":258,"column":8},"skip":true}]},"19":{"line":275,"type":"switch","locations":[{"start":{"line":276,"column":20},"end":{"line":277,"column":64},"skip":true},{"start":{"line":278,"column":20},"end":{"line":279,"column":40},"skip":true},{"start":{"line":280,"column":20},"end":{"line":281,"column":40},"skip":true},{"start":{"line":282,"column":20},"end":{"line":283,"column":39},"skip":true}]},"20":{"line":288,"type":"if","locations":[{"start":{"line":288,"column":8},"end":{"line":288,"column":8},"skip":true},{"start":{"line":288,"column":8},"end":{"line":288,"column":8},"skip":true}]},"21":{"line":288,"type":"binary-expr","locations":[{"start":{"line":288,"column":12},"end":{"line":288,"column":40},"skip":true},{"start":{"line":288,"column":44},"end":{"line":288,"column":67},"skip":true}]},"22":{"line":292,"type":"binary-expr","locations":[{"start":{"line":292,"column":12},"end":{"line":292,"column":50},"skip":true},{"start":{"line":293,"column":12},"end":{"line":293,"column":53},"skip":true}]},"23":{"line":297,"type":"binary-expr","locations":[{"start":{"line":297,"column":12},"end":{"line":297,"column":61},"skip":true},{"start":{"line":298,"column":12},"end":{"line":301,"column":36},"skip":true}]},"24":{"line":303,"type":"binary-expr","locations":[{"start":{"line":303,"column":43},"end":{"line":303,"column":75},"skip":true},{"start":{"line":303,"column":79},"end":{"line":303,"column":81},"skip":true}]},"25":{"line":306,"type":"if","locations":[{"start":{"line":306,"column":8},"end":{"line":306,"column":8},"skip":true},{"start":{"line":306,"column":8},"end":{"line":306,"column":8},"skip":true}]},"26":{"line":310,"type":"if","locations":[{"start":{"line":310,"column":8},"end":{"line":310,"column":8},"skip":true},{"start":{"line":310,"column":8},"end":{"line":310,"column":8},"skip":true}]},"27":{"line":313,"type":"binary-expr","locations":[{"start":{"line":313,"column":27},"end":{"line":313,"column":43},"skip":true},{"start":{"line":313,"column":47},"end":{"line":313,"column":53},"skip":true}]},"28":{"line":317,"type":"if","locations":[{"start":{"line":317,"column":12},"end":{"line":317,"column":12},"skip":true},{"start":{"line":317,"column":12},"end":{"line":317,"column":12},"skip":true}]}},"code":["/*","example.js","","quickstart example","","instruction","    1. save this script as example.js","    2. run the shell command:","        $ npm install npmtest-cpx && PORT=8081 node example.js","    3. play with the browser-demo on http://127.0.0.1:8081","*/","","","","/* istanbul instrument in package npmtest_cpx */","/*jslint","    bitwise: true,","    browser: true,","    maxerr: 8,","    maxlen: 96,","    node: true,","    nomen: true,","    regexp: true,","    stupid: true","*/","(function () {","    'use strict';","    var local;","","","","    // run shared js-env code - pre-init","    (function () {","        // init local","        local = {};","        // init modeJs","        local.modeJs = (function () {","            try {","                return typeof navigator.userAgent === 'string' &&","                    typeof document.querySelector('body') === 'object' &&","                    typeof XMLHttpRequest.prototype.open === 'function' &&","                    'browser';","            } catch (errorCaughtBrowser) {","                return module.exports &&","                    typeof process.versions.node === 'string' &&","                    typeof require('http').createServer === 'function' &&","                    'node';","            }","        }());","        // init global","        local.global = local.modeJs === 'browser'","            ? window","            : global;","        // init utility2_rollup","        local = local.global.utility2_rollup || (local.modeJs === 'browser'","            ? local.global.utility2_npmtest_cpx","            : global.utility2_moduleExports);","        // export local","        local.global.local = local;","    }());","    switch (local.modeJs) {","","","","    // post-init","    // run browser js-env code - post-init","    /* istanbul ignore next */","    case 'browser':","        local.testRunBrowser = function (event) {","            if (!event || (event &&","                    event.currentTarget &&","                    event.currentTarget.className &&","                    event.currentTarget.className.includes &&","                    event.currentTarget.className.includes('onreset'))) {","                // reset output","                Array.from(","                    document.querySelectorAll('body > .resettable')","                ).forEach(function (element) {","                    switch (element.tagName) {","                    case 'INPUT':","                    case 'TEXTAREA':","                        element.value = '';","                        break;","                    default:","                        element.textContent = '';","                    }","                });","            }","            switch (event && event.currentTarget && event.currentTarget.id) {","            case 'testRunButton1':","                // show tests","                if (document.querySelector('#testReportDiv1').style.display === 'none') {","                    document.querySelector('#testReportDiv1').style.display = 'block';","                    document.querySelector('#testRunButton1').textContent =","                        'hide internal test';","                    local.modeTest = true;","                    local.testRunDefault(local);","                // hide tests","                } else {","                    document.querySelector('#testReportDiv1').style.display = 'none';","                    document.querySelector('#testRunButton1').textContent = 'run internal test';","                }","                break;","            // custom-case","            default:","                break;","            }","            if (document.querySelector('#inputTextareaEval1') && (!event || (event &&","                    event.currentTarget &&","                    event.currentTarget.className &&","                    event.currentTarget.className.includes &&","                    event.currentTarget.className.includes('oneval')))) {","                // try to eval input-code","                try {","                    /*jslint evil: true*/","                    eval(document.querySelector('#inputTextareaEval1').value);","                } catch (errorCaught) {","                    console.error(errorCaught);","                }","            }","        };","        // log stderr and stdout to #outputTextareaStdout1","        ['error', 'log'].forEach(function (key) {","            console[key + '_original'] = console[key];","            console[key] = function () {","                var element;","                console[key + '_original'].apply(console, arguments);","                element = document.querySelector('#outputTextareaStdout1');","                if (!element) {","                    return;","                }","                // append text to #outputTextareaStdout1","                element.value += Array.from(arguments).map(function (arg) {","                    return typeof arg === 'string'","                        ? arg","                        : JSON.stringify(arg, null, 4);","                }).join(' ') + '\\n';","                // scroll textarea to bottom","                element.scrollTop = element.scrollHeight;","            };","        });","        // init event-handling","        ['change', 'click', 'keyup'].forEach(function (event) {","            Array.from(document.querySelectorAll('.on' + event)).forEach(function (element) {","                element.addEventListener(event, local.testRunBrowser);","            });","        });","        // run tests","        local.testRunBrowser();","        break;","","","","    // run node js-env code - post-init","    /* istanbul ignore next */","    case 'node':","        // export local","        module.exports = local;","        // require modules","        local.fs = require('fs');","        local.http = require('http');","        local.url = require('url');","        // init assets","        local.assetsDict = local.assetsDict || {};","        /* jslint-ignore-begin */","        local.assetsDict['/assets.index.template.html'] = '\\","<!doctype html>\\n\\","<html lang=\"en\">\\n\\","<head>\\n\\","<meta charset=\"UTF-8\">\\n\\","<meta name=\"viewport\" content=\"width=device-width, initial-scale=1\">\\n\\","<title>{{env.npm_package_name}} (v{{env.npm_package_version}})</title>\\n\\","<style>\\n\\","/*csslint\\n\\","    box-sizing: false,\\n\\","    universal-selector: false\\n\\","*/\\n\\","* {\\n\\","    box-sizing: border-box;\\n\\","}\\n\\","body {\\n\\","    background: #dde;\\n\\","    font-family: Arial, Helvetica, sans-serif;\\n\\","    margin: 2rem;\\n\\","}\\n\\","body > * {\\n\\","    margin-bottom: 1rem;\\n\\","}\\n\\",".utility2FooterDiv {\\n\\","    margin-top: 20px;\\n\\","    text-align: center;\\n\\","}\\n\\","</style>\\n\\","<style>\\n\\","/*csslint\\n\\","*/\\n\\","textarea {\\n\\","    font-family: monospace;\\n\\","    height: 10rem;\\n\\","    width: 100%;\\n\\","}\\n\\","textarea[readonly] {\\n\\","    background: #ddd;\\n\\","}\\n\\","</style>\\n\\","</head>\\n\\","<body>\\n\\","<!-- utility2-comment\\n\\","<div id=\"ajaxProgressDiv1\" style=\"background: #d00; height: 2px; left: 0; margin: 0; padding: 0; position: fixed; top: 0; transition: background 0.5s, width 1.5s; width: 25%;\"></div>\\n\\","utility2-comment -->\\n\\","<h1>\\n\\","<!-- utility2-comment\\n\\","    <a\\n\\","        {{#if env.npm_package_homepage}}\\n\\","        href=\"{{env.npm_package_homepage}}\"\\n\\","        {{/if env.npm_package_homepage}}\\n\\","        target=\"_blank\"\\n\\","    >\\n\\","utility2-comment -->\\n\\","        {{env.npm_package_name}} (v{{env.npm_package_version}})\\n\\","<!-- utility2-comment\\n\\","    </a>\\n\\","utility2-comment -->\\n\\","</h1>\\n\\","<h3>{{env.npm_package_description}}</h3>\\n\\","<!-- utility2-comment\\n\\","<h4><a download href=\"assets.app.js\">download standalone app</a></h4>\\n\\","<button class=\"onclick onreset\" id=\"testRunButton1\">run internal test</button><br>\\n\\","<div id=\"testReportDiv1\" style=\"display: none;\"></div>\\n\\","utility2-comment -->\\n\\","\\n\\","\\n\\","\\n\\","<label>stderr and stdout</label>\\n\\","<textarea class=\"resettable\" id=\"outputTextareaStdout1\" readonly></textarea>\\n\\","<!-- utility2-comment\\n\\","{{#if isRollup}}\\n\\","<script src=\"assets.app.js\"></script>\\n\\","{{#unless isRollup}}\\n\\","utility2-comment -->\\n\\","<script src=\"assets.utility2.rollup.js\"></script>\\n\\","<script src=\"jsonp.utility2._stateInit?callback=window.utility2._stateInit\"></script>\\n\\","<script src=\"assets.npmtest_cpx.rollup.js\"></script>\\n\\","<script src=\"assets.example.js\"></script>\\n\\","<script src=\"assets.test.js\"></script>\\n\\","<!-- utility2-comment\\n\\","{{/if isRollup}}\\n\\","utility2-comment -->\\n\\","<div class=\"utility2FooterDiv\">\\n\\","    [ this app was created with\\n\\","    <a href=\"https://github.com/kaizhu256/node-utility2\" target=\"_blank\">utility2</a>\\n\\","    ]\\n\\","</div>\\n\\","</body>\\n\\","</html>\\n\\","';","        /* jslint-ignore-end */","        if (local.templateRender) {","            local.assetsDict['/'] = local.templateRender(","                local.assetsDict['/assets.index.template.html'],","                {","                    env: local.objectSetDefault(local.env, {","                        npm_package_description: 'the greatest app in the world!',","                        npm_package_name: 'my-app',","                        npm_package_nameAlias: 'my_app',","                        npm_package_version: '0.0.1'","                    })","                }","            );","        } else {","            local.assetsDict['/'] = local.assetsDict['/assets.index.template.html']","                .replace((/\\{\\{env\\.(\\w+?)\\}\\}/g), function (match0, match1) {","                    // jslint-hack","                    String(match0);","                    switch (match1) {","                    case 'npm_package_description':","                        return 'the greatest app in the world!';","                    case 'npm_package_name':","                        return 'my-app';","                    case 'npm_package_nameAlias':","                        return 'my_app';","                    case 'npm_package_version':","                        return '0.0.1';","                    }","                });","        }","        // run the cli","        if (local.global.utility2_rollup || module !== require.main) {","            break;","        }","        local.assetsDict['/assets.example.js'] =","            local.assetsDict['/assets.example.js'] ||","            local.fs.readFileSync(__filename, 'utf8');","        // bug-workaround - long $npm_package_buildCustomOrg","        /* jslint-ignore-begin */","        local.assetsDict['/assets.npmtest_cpx.rollup.js'] =","            local.assetsDict['/assets.npmtest_cpx.rollup.js'] ||","            local.fs.readFileSync(","                local.npmtest_cpx.__dirname + '/lib.npmtest_cpx.js',","                'utf8'","            ).replace((/^#!/), '//');","        /* jslint-ignore-end */","        local.assetsDict['/favicon.ico'] = local.assetsDict['/favicon.ico'] || '';","        // if $npm_config_timeout_exit exists,","        // then exit this process after $npm_config_timeout_exit ms","        if (Number(process.env.npm_config_timeout_exit)) {","            setTimeout(process.exit, Number(process.env.npm_config_timeout_exit));","        }","        // start server","        if (local.global.utility2_serverHttp1) {","            break;","        }","        process.env.PORT = process.env.PORT || '8081';","        console.error('server starting on port ' + process.env.PORT);","        local.http.createServer(function (request, response) {","            request.urlParsed = local.url.parse(request.url);","            if (local.assetsDict[request.urlParsed.pathname] !== undefined) {","                response.end(local.assetsDict[request.urlParsed.pathname]);","                return;","            }","            response.statusCode = 404;","            response.end();","        }).listen(process.env.PORT);","        break;","    }","}());",""],"l":{"26":2,"28":2,"33":2,"35":2,"37":2,"38":2,"39":2,"44":1,"51":2,"55":2,"59":2,"61":2,"69":1,"70":2,"76":2,"79":2,"82":2,"83":2,"85":1,"89":2,"92":1,"93":1,"94":1,"96":1,"97":1,"100":1,"101":1,"103":1,"106":1,"108":2,"114":1,"116":1,"118":1,"123":1,"124":2,"125":2,"126":3,"127":3,"128":3,"129":3,"130":1,"133":3,"134":3,"139":3,"143":1,"144":3,"145":1,"149":1,"150":1,"158":1,"160":1,"161":1,"162":1,"164":1,"166":1,"258":1,"259":1,"271":1,"274":6,"275":6,"277":1,"279":2,"281":1,"283":2,"288":1,"289":1,"291":1,"296":1,"303":1,"306":1,"307":1,"310":1,"311":1,"313":1,"314":1,"315":1,"316":1,"317":1,"318":1,"319":1,"321":1,"322":1,"324":1}},"/home/travis/build/npmtest/node-npmtest-cpx/node_modules/cpx/lib/index.js":{"path":"/home/travis/build/npmtest/node-npmtest-cpx/node_modules/cpx/lib/index.js","s":{"1":1,"2":1,"3":1,"4":0,"5":0,"6":0,"7":0,"8":0,"9":0,"10":0,"11":0,"12":0,"13":0,"14":0,"15":0,"16":0,"17":0,"18":1,"19":0,"20":0,"21":0,"22":0,"23":0,"24":1,"25":0,"26":0,"27":0,"28":0,"29":0,"30":0,"31":0,"32":0,"33":0},"b":{"1":[0,0],"2":[0,0],"3":[0,0],"4":[0,0],"5":[0,0],"6":[0,0],"7":[0,0],"8":[0,0],"9":[0,0],"10":[0,0],"11":[0,0],"12":[0,0],"13":[0,0],"14":[0,0],"15":[0,0],"16":[0,0],"17":[0,0],"18":[0,0]},"f":{"1":0,"2":0,"3":0,"4":0,"5":0},"fnMap":{"1":{"name":"copy","line":28,"loc":{"start":{"line":28,"column":15},"end":{"line":28,"column":45}}},"2":{"name":"(anonymous_2)","line":41,"loc":{"start":{"line":41,"column":18},"end":{"line":41,"column":33}}},"3":{"name":"copySync","line":67,"loc":{"start":{"line":67,"column":19},"end":{"line":67,"column":53}}},"4":{"name":"watch","line":90,"loc":{"start":{"line":90,"column":16},"end":{"line":90,"column":47}}},"5":{"name":"(anonymous_5)","line":95,"loc":{"start":{"line":95,"column":18},"end":{"line":95,"column":33}}}},"statementMap":{"1":{"start":{"line":9,"column":0},"end":{"line":9,"column":27}},"2":{"start":{"line":11,"column":0},"end":{"line":11,"column":18}},"3":{"start":{"line":28,"column":0},"end":{"line":53,"column":2}},"4":{"start":{"line":29,"column":4},"end":{"line":29,"column":92}},"5":{"start":{"line":30,"column":4},"end":{"line":30,"column":87}},"6":{"start":{"line":32,"column":4},"end":{"line":37,"column":5}},"7":{"start":{"line":34,"column":8},"end":{"line":34,"column":21}},"8":{"start":{"line":35,"column":8},"end":{"line":35,"column":23}},"9":{"start":{"line":39,"column":4},"end":{"line":39,"column":47}},"10":{"start":{"line":40,"column":4},"end":{"line":50,"column":5}},"11":{"start":{"line":41,"column":8},"end":{"line":47,"column":11}},"12":{"start":{"line":42,"column":12},"end":{"line":46,"column":13}},"13":{"start":{"line":43,"column":16},"end":{"line":43,"column":29}},"14":{"start":{"line":44,"column":19},"end":{"line":46,"column":13}},"15":{"start":{"line":45,"column":16},"end":{"line":45,"column":24}},"16":{"start":{"line":49,"column":8},"end":{"line":49,"column":21}},"17":{"start":{"line":52,"column":4},"end":{"line":52,"column":15}},"18":{"start":{"line":67,"column":0},"end":{"line":75,"column":2}},"19":{"start":{"line":68,"column":4},"end":{"line":68,"column":92}},"20":{"start":{"line":70,"column":4},"end":{"line":70,"column":47}},"21":{"start":{"line":71,"column":4},"end":{"line":73,"column":5}},"22":{"start":{"line":72,"column":8},"end":{"line":72,"column":24}},"23":{"start":{"line":74,"column":4},"end":{"line":74,"column":19}},"24":{"start":{"line":90,"column":0},"end":{"line":107,"column":2}},"25":{"start":{"line":91,"column":4},"end":{"line":91,"column":92}},"26":{"start":{"line":93,"column":4},"end":{"line":93,"column":47}},"27":{"start":{"line":94,"column":4},"end":{"line":104,"column":5}},"28":{"start":{"line":95,"column":8},"end":{"line":101,"column":11}},"29":{"start":{"line":96,"column":12},"end":{"line":100,"column":13}},"30":{"start":{"line":97,"column":16},"end":{"line":97,"column":28}},"31":{"start":{"line":99,"column":16},"end":{"line":99,"column":45}},"32":{"start":{"line":103,"column":8},"end":{"line":103,"column":20}},"33":{"start":{"line":106,"column":4},"end":{"line":106,"column":15}}},"branchMap":{"1":{"line":29,"type":"cond-expr","locations":[{"start":{"line":29,"column":72},"end":{"line":29,"column":76}},{"start":{"line":29,"column":79},"end":{"line":29,"column":91}}]},"2":{"line":29,"type":"binary-expr","locations":[{"start":{"line":29,"column":18},"end":{"line":29,"column":39}},{"start":{"line":29,"column":43},"end":{"line":29,"column":69}}]},"3":{"line":30,"type":"cond-expr","locations":[{"start":{"line":30,"column":67},"end":{"line":30,"column":71}},{"start":{"line":30,"column":74},"end":{"line":30,"column":86}}]},"4":{"line":30,"type":"binary-expr","locations":[{"start":{"line":30,"column":13},"end":{"line":30,"column":34}},{"start":{"line":30,"column":38},"end":{"line":30,"column":64}}]},"5":{"line":32,"type":"if","locations":[{"start":{"line":32,"column":4},"end":{"line":32,"column":4}},{"start":{"line":32,"column":4},"end":{"line":32,"column":4}}]},"6":{"line":40,"type":"if","locations":[{"start":{"line":40,"column":4},"end":{"line":40,"column":4}},{"start":{"line":40,"column":4},"end":{"line":40,"column":4}}]},"7":{"line":40,"type":"binary-expr","locations":[{"start":{"line":40,"column":8},"end":{"line":40,"column":15}},{"start":{"line":40,"column":19},"end":{"line":40,"column":32}}]},"8":{"line":42,"type":"if","locations":[{"start":{"line":42,"column":12},"end":{"line":42,"column":12}},{"start":{"line":42,"column":12},"end":{"line":42,"column":12}}]},"9":{"line":44,"type":"if","locations":[{"start":{"line":44,"column":19},"end":{"line":44,"column":19}},{"start":{"line":44,"column":19},"end":{"line":44,"column":19}}]},"10":{"line":68,"type":"cond-expr","locations":[{"start":{"line":68,"column":72},"end":{"line":68,"column":76}},{"start":{"line":68,"column":79},"end":{"line":68,"column":91}}]},"11":{"line":68,"type":"binary-expr","locations":[{"start":{"line":68,"column":18},"end":{"line":68,"column":39}},{"start":{"line":68,"column":43},"end":{"line":68,"column":69}}]},"12":{"line":71,"type":"if","locations":[{"start":{"line":71,"column":4},"end":{"line":71,"column":4}},{"start":{"line":71,"column":4},"end":{"line":71,"column":4}}]},"13":{"line":71,"type":"binary-expr","locations":[{"start":{"line":71,"column":8},"end":{"line":71,"column":15}},{"start":{"line":71,"column":19},"end":{"line":71,"column":32}}]},"14":{"line":91,"type":"cond-expr","locations":[{"start":{"line":91,"column":72},"end":{"line":91,"column":76}},{"start":{"line":91,"column":79},"end":{"line":91,"column":91}}]},"15":{"line":91,"type":"binary-expr","locations":[{"start":{"line":91,"column":18},"end":{"line":91,"column":39}},{"start":{"line":91,"column":43},"end":{"line":91,"column":69}}]},"16":{"line":94,"type":"if","locations":[{"start":{"line":94,"column":4},"end":{"line":94,"column":4}},{"start":{"line":94,"column":4},"end":{"line":94,"column":4}}]},"17":{"line":94,"type":"binary-expr","locations":[{"start":{"line":94,"column":8},"end":{"line":94,"column":15}},{"start":{"line":94,"column":19},"end":{"line":94,"column":32}}]},"18":{"line":96,"type":"if","locations":[{"start":{"line":96,"column":12},"end":{"line":96,"column":12}},{"start":{"line":96,"column":12},"end":{"line":96,"column":12}}]}},"code":["/**"," * @author Toru Nagashima"," * @copyright 2016 Toru Nagashima. All rights reserved."," * See LICENSE file in root directory for full license."," */","","\"use strict\";","","var Cpx = require(\"./cpx\");","","exports.Cpx = Cpx;","","/**"," * Copies the files which match with a given glob pattern."," *"," * @param {string} source - The glob pattern of source files."," * @param {string} outDir - The path of an output directory."," * @param {object} [options = null] - Omittable. An option object."," * @param {boolean} [options.clean = false] - A flag to remove files that have"," *      been copied previously before copy."," * @param {boolean} [options.dereference = false] - A flag to follow symbolic"," *      links."," * @param {function[]} [options.transform = null] - Functions to make transform"," *      streams for each file."," * @param {function} [cb = null] - A callback function to be called after done."," * @returns {Cpx} A Cpx instance."," */","exports.copy = function copy(source, outDir) {","    var options = arguments.length <= 2 || arguments[2] === undefined ? null : arguments[2];","    var cb = arguments.length <= 3 || arguments[3] === undefined ? null : arguments[3];","","    if (typeof options === \"function\") {","        /* eslint-disable no-param-reassign */","        cb = options;","        options = null;","        /* eslint-enable no-param-reassign */","    }","","    var cpx = new Cpx(source, outDir, options);","    if (options && options.clean) {","        cpx.clean(function (err) {","            if (err == null) {","                cpx.copy(cb);","            } else if (cb != null) {","                cb(err);","            }","        });","    } else {","        cpx.copy(cb);","    }","","    return cpx;","};","","/**"," * Copies the files which match with a given glob pattern."," *"," * @param {string} source - The glob pattern of source files."," * @param {string} outDir - The path of an output directory."," * @param {object} [options = null] - Omittable. An option object."," * @param {boolean} [options.clean = false] - A flag to remove files that have"," *      been copied previously before copy."," * @param {boolean} [options.dereference = false] - A flag to follow symbolic"," *      links."," * @returns {Cpx} A Cpx instance."," */","exports.copySync = function copySync(source, outDir) {","    var options = arguments.length <= 2 || arguments[2] === undefined ? null : arguments[2];","","    var cpx = new Cpx(source, outDir, options);","    if (options && options.clean) {","        cpx.cleanSync();","    }","    cpx.copySync();","};","","/**"," * Copies the files which match with a given glob pattern."," * Then this observes the files and copies when modified them."," *"," * @param {string} source - The glob pattern of source files."," * @param {string} outDir - The path of an output directory."," * @param {object} [options = null] - Omittable. An option object."," * @param {boolean} [options.clean = false] - A flag to remove files that have"," *      been copied previously before copy."," * @param {boolean} [options.dereference = false] - A flag to follow symbolic"," *      links."," * @returns {Cpx} A Cpx instance."," */","exports.watch = function watch(source, outDir) {","    var options = arguments.length <= 2 || arguments[2] === undefined ? null : arguments[2];","","    var cpx = new Cpx(source, outDir, options);","    if (options && options.clean) {","        cpx.clean(function (err) {","            if (err == null) {","                cpx.watch();","            } else {","                cpx.emit(\"watch-error\", err);","            }","        });","    } else {","        cpx.watch();","    }","","    return cpx;","};"],"l":{"9":1,"11":1,"28":1,"29":0,"30":0,"32":0,"34":0,"35":0,"39":0,"40":0,"41":0,"42":0,"43":0,"44":0,"45":0,"49":0,"52":0,"67":1,"68":0,"70":0,"71":0,"72":0,"74":0,"90":1,"91":0,"93":0,"94":0,"95":0,"96":0,"97":0,"99":0,"103":0,"106":0}},"/home/travis/build/npmtest/node-npmtest-cpx/node_modules/cpx/lib/cpx.js":{"path":"/home/travis/build/npmtest/node-npmtest-cpx/node_modules/cpx/lib/cpx.js","s":{"1":1,"2":1,"3":1,"4":1,"5":1,"6":1,"7":1,"8":1,"9":1,"10":1,"11":1,"12":1,"13":1,"14":1,"15":1,"16":1,"17":1,"18":8,"19":1,"20":1,"21":1,"22":1,"23":1,"24":1,"25":1,"26":1,"27":1,"28":1,"29":1,"30":1,"31":1,"32":1,"33":1,"34":1,"35":1,"36":1,"37":1,"38":1,"39":1,"40":1,"41":1,"42":1,"43":1,"44":1,"45":1,"46":1,"47":1,"48":1,"49":1,"50":1,"51":1,"52":0,"53":0,"54":0,"55":0,"56":0,"57":0,"58":0,"59":1,"60":0,"61":1,"62":0,"63":0,"64":0,"65":0,"66":0,"67":0,"68":1,"69":0,"70":0,"71":0,"72":0,"73":0,"74":0,"75":0,"76":0,"77":0,"78":0,"79":0,"80":0,"81":0,"82":1,"83":1,"84":1,"85":0,"86":0,"87":0,"88":0,"89":0,"90":0,"91":0,"92":0,"93":0,"94":0,"95":0,"96":0,"97":0,"98":0,"99":0,"100":1,"101":0,"102":0,"103":0,"104":0,"105":0,"106":0,"107":0,"108":0,"109":0,"110":0,"111":0,"112":0,"113":0,"114":0,"115":0,"116":0,"117":0,"118":0,"119":0,"120":0,"121":0,"122":0,"123":0,"124":0,"125":0,"126":0,"127":0,"128":0,"129":0,"130":0,"131":0,"132":0,"133":0,"134":0,"135":0,"136":0,"137":0,"138":0,"139":0,"140":0,"141":0,"142":0,"143":0,"144":0,"145":0,"146":0,"147":0,"148":0,"149":0,"150":0,"151":0,"152":0,"153":0,"154":0,"155":0,"156":0,"157":0,"158":0,"159":0,"160":0,"161":0,"162":0,"163":0,"164":0,"165":0,"166":0,"167":0,"168":0,"169":0,"170":0,"171":0,"172":0,"173":0,"174":0,"175":0,"176":0,"177":0,"178":0,"179":0,"180":0,"181":0,"182":0,"183":0,"184":0,"185":0,"186":0,"187":0,"188":0,"189":0,"190":0,"191":0,"192":0,"193":0,"194":0,"195":0,"196":0,"197":0,"198":0,"199":0,"200":0,"201":0,"202":0,"203":0,"204":0,"205":0,"206":0,"207":0,"208":0,"209":0,"210":0,"211":0,"212":0,"213":0,"214":0,"215":0,"216":0,"217":0,"218":0,"219":0,"220":0,"221":0,"222":0,"223":0,"224":0,"225":0,"226":0,"227":0,"228":0,"229":0,"230":0,"231":0,"232":0,"233":0,"234":0,"235":0,"236":0,"237":0,"238":0,"239":0,"240":0,"241":0,"242":1},"b":{"1":[8,0],"2":[8,8],"3":[0,0],"4":[0,0],"5":[0,0],"6":[0,0],"7":[0,0],"8":[0,0],"9":[0,0],"10":[0,0],"11":[0,0],"12":[0,0],"13":[0,0],"14":[0,0],"15":[0,0],"16":[0,0],"17":[0,0],"18":[0,0],"19":[0,0],"20":[0,0],"21":[0,0],"22":[0,0],"23":[0,0],"24":[0,0],"25":[0,0],"26":[0,0],"27":[0,0],"28":[0,0],"29":[0,0],"30":[0,0],"31":[0,0],"32":[0,0],"33":[0,0],"34":[0,0],"35":[0,0],"36":[0,0],"37":[0,0],"38":[0,0],"39":[0,0],"40":[0,0],"41":[0,0],"42":[0,0],"43":[0,0],"44":[0,0],"45":[0,0],"46":[0,0],"47":[0,0],"48":[0,0],"49":[0,0],"50":[0,0],"51":[0,0],"52":[0,0],"53":[0,0],"54":[0,0]},"f":{"1":8,"2":0,"3":0,"4":0,"5":0,"6":0,"7":0,"8":0,"9":0,"10":1,"11":0,"12":0,"13":0,"14":0,"15":0,"16":0,"17":0,"18":0,"19":0,"20":0,"21":0,"22":0,"23":0,"24":0,"25":0,"26":0,"27":0,"28":0,"29":0,"30":0,"31":0,"32":0,"33":0,"34":0,"35":0,"36":0,"37":0,"38":0,"39":0,"40":0,"41":0,"42":0,"43":0,"44":0,"45":0,"46":0,"47":0,"48":0},"fnMap":{"1":{"name":"_interopRequireDefault","line":41,"loc":{"start":{"line":41,"column":0},"end":{"line":41,"column":37}}},"2":{"name":"normalizePath","line":96,"loc":{"start":{"line":96,"column":0},"end":{"line":96,"column":29}}},"3":{"name":"doAllSimply","line":117,"loc":{"start":{"line":117,"column":0},"end":{"line":117,"column":43}}},"4":{"name":"doAll","line":131,"loc":{"start":{"line":131,"column":0},"end":{"line":131,"column":41}}},"5":{"name":"cbIfEnd","line":145,"loc":{"start":{"line":145,"column":4},"end":{"line":145,"column":23}}},"6":{"name":"(anonymous_6)","line":155,"loc":{"start":{"line":155,"column":19},"end":{"line":155,"column":35}}},"7":{"name":"(anonymous_7)","line":161,"loc":{"start":{"line":161,"column":31},"end":{"line":161,"column":46}}},"8":{"name":"(anonymous_8)","line":166,"loc":{"start":{"line":166,"column":17},"end":{"line":166,"column":29}}},"9":{"name":"(anonymous_9)","line":169,"loc":{"start":{"line":169,"column":19},"end":{"line":169,"column":34}}},"10":{"name":"(anonymous_10)","line":174,"loc":{"start":{"line":174,"column":17},"end":{"line":174,"column":42}}},"11":{"name":"Cpx","line":182,"loc":{"start":{"line":182,"column":4},"end":{"line":182,"column":42}}},"12":{"name":"src2dst","line":223,"loc":{"start":{"line":223,"column":15},"end":{"line":223,"column":38}}},"13":{"name":"enqueueCopy","line":241,"loc":{"start":{"line":241,"column":15},"end":{"line":241,"column":45}}},"14":{"name":"(anonymous_14)","line":255,"loc":{"start":{"line":255,"column":29},"end":{"line":255,"column":45}}},"15":{"name":"(anonymous_15)","line":258,"loc":{"start":{"line":258,"column":29},"end":{"line":258,"column":45}}},"16":{"name":"(anonymous_16)","line":259,"loc":{"start":{"line":259,"column":51},"end":{"line":259,"column":66}}},"17":{"name":"enqueueRemove","line":282,"loc":{"start":{"line":282,"column":15},"end":{"line":282,"column":44}}},"18":{"name":"(anonymous_18)","line":290,"loc":{"start":{"line":290,"column":29},"end":{"line":290,"column":45}}},"19":{"name":"(anonymous_19)","line":291,"loc":{"start":{"line":291,"column":30},"end":{"line":291,"column":53}}},"20":{"name":"(anonymous_20)","line":297,"loc":{"start":{"line":297,"column":29},"end":{"line":297,"column":45}}},"21":{"name":"(anonymous_21)","line":299,"loc":{"start":{"line":299,"column":35},"end":{"line":299,"column":50}}},"22":{"name":"(anonymous_22)","line":308,"loc":{"start":{"line":308,"column":36},"end":{"line":308,"column":51}}},"23":{"name":"(anonymous_23)","line":318,"loc":{"start":{"line":318,"column":29},"end":{"line":318,"column":45}}},"24":{"name":"(anonymous_24)","line":319,"loc":{"start":{"line":319,"column":40},"end":{"line":319,"column":52}}},"25":{"name":"clean","line":341,"loc":{"start":{"line":341,"column":15},"end":{"line":341,"column":32}}},"26":{"name":"cleanSync","line":365,"loc":{"start":{"line":365,"column":15},"end":{"line":365,"column":36}}},"27":{"name":"copy","line":434,"loc":{"start":{"line":434,"column":15},"end":{"line":434,"column":31}}},"28":{"name":"copySync","line":450,"loc":{"start":{"line":450,"column":15},"end":{"line":450,"column":35}}},"29":{"name":"(anonymous_29)","line":462,"loc":{"start":{"line":462,"column":29},"end":{"line":462,"column":48}}},"30":{"name":"watch","line":489,"loc":{"start":{"line":489,"column":15},"end":{"line":489,"column":32}}},"31":{"name":"fireReadyIfReady","line":500,"loc":{"start":{"line":500,"column":35},"end":{"line":500,"column":63}}},"32":{"name":"onAdded","line":506,"loc":{"start":{"line":506,"column":26},"end":{"line":506,"column":49}}},"33":{"name":"(anonymous_33)","line":513,"loc":{"start":{"line":513,"column":59},"end":{"line":513,"column":71}}},"34":{"name":"onRemoved","line":520,"loc":{"start":{"line":520,"column":28},"end":{"line":520,"column":53}}},"35":{"name":"(anonymous_35)","line":536,"loc":{"start":{"line":536,"column":131},"end":{"line":536,"column":147}}},"36":{"name":"(anonymous_36)","line":541,"loc":{"start":{"line":541,"column":27},"end":{"line":541,"column":39}}},"37":{"name":"(anonymous_37)","line":544,"loc":{"start":{"line":544,"column":27},"end":{"line":544,"column":42}}},"38":{"name":"unwatch","line":557,"loc":{"start":{"line":557,"column":15},"end":{"line":557,"column":34}}},"39":{"name":"close","line":572,"loc":{"start":{"line":572,"column":15},"end":{"line":572,"column":32}}},"40":{"name":"get","line":577,"loc":{"start":{"line":577,"column":13},"end":{"line":577,"column":28}}},"41":{"name":"get","line":588,"loc":{"start":{"line":588,"column":13},"end":{"line":588,"column":28}}},"42":{"name":"get","line":599,"loc":{"start":{"line":599,"column":13},"end":{"line":599,"column":28}}},"43":{"name":"get","line":610,"loc":{"start":{"line":610,"column":13},"end":{"line":610,"column":28}}},"44":{"name":"get","line":621,"loc":{"start":{"line":621,"column":13},"end":{"line":621,"column":28}}},"45":{"name":"get","line":632,"loc":{"start":{"line":632,"column":13},"end":{"line":632,"column":28}}},"46":{"name":"get","line":643,"loc":{"start":{"line":643,"column":13},"end":{"line":643,"column":28}}},"47":{"name":"get","line":654,"loc":{"start":{"line":654,"column":13},"end":{"line":654,"column":28}}},"48":{"name":"get","line":665,"loc":{"start":{"line":665,"column":13},"end":{"line":665,"column":28}}}},"statementMap":{"1":{"start":{"line":9,"column":0},"end":{"line":9,"column":66}},"2":{"start":{"line":11,"column":0},"end":{"line":11,"column":58}},"3":{"start":{"line":13,"column":0},"end":{"line":13,"column":68}},"4":{"start":{"line":15,"column":0},"end":{"line":15,"column":60}},"5":{"start":{"line":17,"column":0},"end":{"line":17,"column":79}},"6":{"start":{"line":19,"column":0},"end":{"line":19,"column":63}},"7":{"start":{"line":21,"column":0},"end":{"line":21,"column":71}},"8":{"start":{"line":23,"column":0},"end":{"line":23,"column":64}},"9":{"start":{"line":25,"column":0},"end":{"line":25,"column":65}},"10":{"start":{"line":27,"column":0},"end":{"line":27,"column":58}},"11":{"start":{"line":29,"column":0},"end":{"line":29,"column":93}},"12":{"start":{"line":31,"column":0},"end":{"line":31,"column":86}},"13":{"start":{"line":33,"column":0},"end":{"line":33,"column":59}},"14":{"start":{"line":35,"column":0},"end":{"line":35,"column":52}},"15":{"start":{"line":37,"column":0},"end":{"line":37,"column":54}},"16":{"start":{"line":39,"column":0},"end":{"line":39,"column":47}},"17":{"start":{"line":41,"column":0},"end":{"line":41,"column":95}},"18":{"start":{"line":41,"column":39},"end":{"line":41,"column":93}},"19":{"start":{"line":43,"column":0},"end":{"line":43,"column":33}},"20":{"start":{"line":45,"column":0},"end":{"line":45,"column":41}},"21":{"start":{"line":47,"column":0},"end":{"line":47,"column":23}},"22":{"start":{"line":49,"column":0},"end":{"line":49,"column":32}},"23":{"start":{"line":51,"column":0},"end":{"line":51,"column":32}},"24":{"start":{"line":52,"column":0},"end":{"line":52,"column":36}},"25":{"start":{"line":53,"column":0},"end":{"line":53,"column":38}},"26":{"start":{"line":54,"column":0},"end":{"line":54,"column":30}},"27":{"start":{"line":56,"column":0},"end":{"line":56,"column":36}},"28":{"start":{"line":58,"column":0},"end":{"line":58,"column":36}},"29":{"start":{"line":60,"column":0},"end":{"line":60,"column":32}},"30":{"start":{"line":62,"column":0},"end":{"line":62,"column":26}},"31":{"start":{"line":63,"column":0},"end":{"line":63,"column":32}},"32":{"start":{"line":65,"column":0},"end":{"line":65,"column":39}},"33":{"start":{"line":66,"column":0},"end":{"line":66,"column":30}},"34":{"start":{"line":67,"column":0},"end":{"line":67,"column":27}},"35":{"start":{"line":69,"column":0},"end":{"line":69,"column":37}},"36":{"start":{"line":71,"column":0},"end":{"line":71,"column":36}},"37":{"start":{"line":73,"column":0},"end":{"line":73,"column":33}},"38":{"start":{"line":74,"column":0},"end":{"line":74,"column":42}},"39":{"start":{"line":75,"column":0},"end":{"line":75,"column":31}},"40":{"start":{"line":77,"column":0},"end":{"line":77,"column":48}},"41":{"start":{"line":78,"column":0},"end":{"line":78,"column":55}},"42":{"start":{"line":79,"column":0},"end":{"line":79,"column":69}},"43":{"start":{"line":80,"column":0},"end":{"line":80,"column":56}},"44":{"start":{"line":81,"column":0},"end":{"line":81,"column":46}},"45":{"start":{"line":82,"column":0},"end":{"line":82,"column":49}},"46":{"start":{"line":83,"column":0},"end":{"line":83,"column":45}},"47":{"start":{"line":84,"column":0},"end":{"line":84,"column":51}},"48":{"start":{"line":85,"column":0},"end":{"line":85,"column":45}},"49":{"start":{"line":86,"column":0},"end":{"line":86,"column":43}},"50":{"start":{"line":87,"column":0},"end":{"line":87,"column":47}},"51":{"start":{"line":96,"column":0},"end":{"line":107,"column":1}},"52":{"start":{"line":97,"column":4},"end":{"line":99,"column":5}},"53":{"start":{"line":98,"column":8},"end":{"line":98,"column":20}},"54":{"start":{"line":101,"column":4},"end":{"line":101,"column":72}},"55":{"start":{"line":102,"column":4},"end":{"line":102,"column":56}},"56":{"start":{"line":103,"column":4},"end":{"line":105,"column":5}},"57":{"start":{"line":104,"column":8},"end":{"line":104,"column":53}},"58":{"start":{"line":106,"column":4},"end":{"line":106,"column":33}},"59":{"start":{"line":117,"column":0},"end":{"line":119,"column":1}},"60":{"start":{"line":118,"column":4},"end":{"line":118,"column":100}},"61":{"start":{"line":131,"column":0},"end":{"line":172,"column":1}},"62":{"start":{"line":132,"column":4},"end":{"line":135,"column":5}},"63":{"start":{"line":133,"column":8},"end":{"line":133,"column":42}},"64":{"start":{"line":134,"column":8},"end":{"line":134,"column":15}},"65":{"start":{"line":137,"column":4},"end":{"line":137,"column":18}},"66":{"start":{"line":138,"column":4},"end":{"line":138,"column":21}},"67":{"start":{"line":139,"column":4},"end":{"line":139,"column":25}},"68":{"start":{"line":145,"column":4},"end":{"line":149,"column":5}},"69":{"start":{"line":146,"column":8},"end":{"line":148,"column":9}},"70":{"start":{"line":147,"column":12},"end":{"line":147,"column":26}},"71":{"start":{"line":151,"column":4},"end":{"line":171,"column":7}},"72":{"start":{"line":156,"column":8},"end":{"line":158,"column":9}},"73":{"start":{"line":157,"column":12},"end":{"line":157,"column":19}},"74":{"start":{"line":160,"column":8},"end":{"line":160,"column":19}},"75":{"start":{"line":161,"column":8},"end":{"line":165,"column":11}},"76":{"start":{"line":162,"column":12},"end":{"line":162,"column":23}},"77":{"start":{"line":163,"column":12},"end":{"line":163,"column":41}},"78":{"start":{"line":164,"column":12},"end":{"line":164,"column":22}},"79":{"start":{"line":167,"column":8},"end":{"line":167,"column":20}},"80":{"start":{"line":168,"column":8},"end":{"line":168,"column":18}},"81":{"start":{"line":170,"column":8},"end":{"line":170,"column":37}},"82":{"start":{"line":174,"column":0},"end":{"line":673,"column":16}},"83":{"start":{"line":175,"column":4},"end":{"line":175,"column":48}},"84":{"start":{"line":182,"column":4},"end":{"line":201,"column":5}},"85":{"start":{"line":183,"column":8},"end":{"line":183,"column":49}},"86":{"start":{"line":185,"column":8},"end":{"line":185,"column":32}},"87":{"start":{"line":187,"column":8},"end":{"line":187,"column":114}},"88":{"start":{"line":189,"column":8},"end":{"line":189,"column":46}},"89":{"start":{"line":190,"column":8},"end":{"line":190,"column":47}},"90":{"start":{"line":191,"column":8},"end":{"line":191,"column":58}},"91":{"start":{"line":192,"column":8},"end":{"line":192,"column":70}},"92":{"start":{"line":193,"column":8},"end":{"line":193,"column":96}},"93":{"start":{"line":194,"column":8},"end":{"line":194,"column":52}},"94":{"start":{"line":195,"column":8},"end":{"line":195,"column":72}},"95":{"start":{"line":196,"column":8},"end":{"line":196,"column":48}},"96":{"start":{"line":197,"column":8},"end":{"line":197,"column":35}},"97":{"start":{"line":198,"column":8},"end":{"line":198,"column":31}},"98":{"start":{"line":199,"column":8},"end":{"line":199,"column":30}},"99":{"start":{"line":200,"column":8},"end":{"line":200,"column":21}},"100":{"start":{"line":213,"column":4},"end":{"line":671,"column":8}},"101":{"start":{"line":225,"column":12},"end":{"line":227,"column":13}},"102":{"start":{"line":226,"column":16},"end":{"line":226,"column":51}},"103":{"start":{"line":228,"column":12},"end":{"line":228,"column":56}},"104":{"start":{"line":242,"column":12},"end":{"line":242,"column":30}},"105":{"start":{"line":244,"column":12},"end":{"line":244,"column":95}},"106":{"start":{"line":247,"column":12},"end":{"line":247,"column":48}},"107":{"start":{"line":248,"column":12},"end":{"line":253,"column":13}},"108":{"start":{"line":249,"column":16},"end":{"line":252,"column":17}},"109":{"start":{"line":250,"column":20},"end":{"line":250,"column":58}},"110":{"start":{"line":251,"column":20},"end":{"line":251,"column":27}},"111":{"start":{"line":255,"column":12},"end":{"line":257,"column":15}},"112":{"start":{"line":256,"column":16},"end":{"line":256,"column":46}},"113":{"start":{"line":258,"column":12},"end":{"line":269,"column":15}},"114":{"start":{"line":259,"column":16},"end":{"line":268,"column":19}},"115":{"start":{"line":260,"column":20},"end":{"line":262,"column":21}},"116":{"start":{"line":261,"column":24},"end":{"line":261,"column":84}},"117":{"start":{"line":264,"column":20},"end":{"line":264,"column":27}},"118":{"start":{"line":265,"column":20},"end":{"line":267,"column":21}},"119":{"start":{"line":266,"column":24},"end":{"line":266,"column":40}},"120":{"start":{"line":283,"column":12},"end":{"line":283,"column":30}},"121":{"start":{"line":285,"column":12},"end":{"line":285,"column":95}},"122":{"start":{"line":288,"column":12},"end":{"line":288,"column":33}},"123":{"start":{"line":289,"column":12},"end":{"line":289,"column":28}},"124":{"start":{"line":290,"column":12},"end":{"line":296,"column":15}},"125":{"start":{"line":291,"column":16},"end":{"line":295,"column":19}},"126":{"start":{"line":292,"column":20},"end":{"line":292,"column":36}},"127":{"start":{"line":293,"column":20},"end":{"line":293,"column":34}},"128":{"start":{"line":294,"column":20},"end":{"line":294,"column":27}},"129":{"start":{"line":297,"column":12},"end":{"line":317,"column":15}},"130":{"start":{"line":298,"column":16},"end":{"line":316,"column":17}},"131":{"start":{"line":299,"column":20},"end":{"line":306,"column":23}},"132":{"start":{"line":300,"column":24},"end":{"line":302,"column":25}},"133":{"start":{"line":301,"column":28},"end":{"line":301,"column":66}},"134":{"start":{"line":304,"column":24},"end":{"line":304,"column":40}},"135":{"start":{"line":305,"column":24},"end":{"line":305,"column":31}},"136":{"start":{"line":308,"column":20},"end":{"line":315,"column":23}},"137":{"start":{"line":309,"column":24},"end":{"line":311,"column":25}},"138":{"start":{"line":310,"column":28},"end":{"line":310,"column":66}},"139":{"start":{"line":313,"column":24},"end":{"line":313,"column":40}},"140":{"start":{"line":314,"column":24},"end":{"line":314,"column":31}},"141":{"start":{"line":318,"column":12},"end":{"line":325,"column":15}},"142":{"start":{"line":319,"column":16},"end":{"line":324,"column":19}},"143":{"start":{"line":320,"column":20},"end":{"line":320,"column":27}},"144":{"start":{"line":321,"column":20},"end":{"line":323,"column":21}},"145":{"start":{"line":322,"column":24},"end":{"line":322,"column":38}},"146":{"start":{"line":342,"column":12},"end":{"line":342,"column":95}},"147":{"start":{"line":345,"column":12},"end":{"line":345,"column":49}},"148":{"start":{"line":346,"column":12},"end":{"line":351,"column":13}},"149":{"start":{"line":347,"column":16},"end":{"line":349,"column":17}},"150":{"start":{"line":348,"column":20},"end":{"line":348,"column":58}},"151":{"start":{"line":350,"column":16},"end":{"line":350,"column":23}},"152":{"start":{"line":353,"column":12},"end":{"line":353,"column":54}},"153":{"start":{"line":366,"column":12},"end":{"line":366,"column":49}},"154":{"start":{"line":367,"column":12},"end":{"line":369,"column":13}},"155":{"start":{"line":368,"column":16},"end":{"line":368,"column":23}},"156":{"start":{"line":371,"column":12},"end":{"line":371,"column":49}},"157":{"start":{"line":372,"column":12},"end":{"line":372,"column":42}},"158":{"start":{"line":373,"column":12},"end":{"line":373,"column":43}},"159":{"start":{"line":375,"column":12},"end":{"line":418,"column":13}},"160":{"start":{"line":376,"column":16},"end":{"line":404,"column":17}},"161":{"start":{"line":380,"column":20},"end":{"line":380,"column":43}},"162":{"start":{"line":382,"column":20},"end":{"line":393,"column":21}
[...]
       Print the version number.\\n    -w, --watch               Watch for files that matches <source>, and copy\\n                              the file to <dest> every changing.\\n\\nExamples:\\n\\n    cpx \\\"src/**/*.{html,png,jpg}\\\" app\\n    cpx \\\"src/**/*.css\\\" app --watch --verbose\\n\\nSee Also:\\n    https://github.com/mysticatea/cpx\\n\");","};"],"l":{"16":1,"17":0}},"/home/travis/build/npmtest/node-npmtest-cpx/node_modules/cpx/bin/main.js":{"path":"/home/travis/build/npmtest/node-npmtest-cpx/node_modules/cpx/bin/main.js","s":{"1":1,"2":1,"3":1,"4":1,"5":1,"6":1,"7":1,"8":1,"9":1,"10":1,"11":1,"12":1,"13":1,"14":1,"15":1,"16":0,"17":0,"18":0,"19":0,"20":0,"21":0,"22":0,"23":0,"24":0,"25":0,"26":0,"27":0,"28":0,"29":0,"30":0,"31":0,"32":0,"33":0,"34":0,"35":0,"36":0,"37":0,"38":0,"39":0,"40":0,"41":0,"42":0,"43":0,"44":0,"45":0,"46":0,"47":0,"48":0,"49":0,"50":0,"51":0,"52":0,"53":0,"54":0,"55":0,"56":0,"57":0,"58":0,"59":0,"60":0,"61":0,"62":0,"63":0,"64":0,"65":0,"66":0,"67":0,"68":0,"69":0,"70":0,"71":0,"72":0,"73":0,"74":0,"75":0,"76":0,"77":0,"78":0,"79":0,"80":0,"81":0,"82":0,"83":0,"84":0,"85":0},"b":{"1":[1,0],"2":[1,1],"3":[0,0],"4":[0,0],"5":[0,0],"6":[0,0],"7":[0,0],"8":[0,0],"9":[0,0],"10":[0,0],"11":[0,0],"12":[0,0],"13":[0,0],"14":[0,0],"15":[0,0],"16":[0,0],"17":[0,0]},"f":{"1":1,"2":0,"3":0,"4":0,"5":0,"6":0,"7":0,"8":0,"9":0,"10":0,"11":0,"12":0,"13":0,"14":0,"15":0},"fnMap":{"1":{"name":"_interopRequireDefault","line":14,"loc":{"start":{"line":14,"column":0},"end":{"line":14,"column":37}}},"2":{"name":"main","line":35,"loc":{"start":{"line":35,"column":17},"end":{"line":35,"column":53}}},"3":{"name":"(anonymous_3)","line":38,"loc":{"start":{"line":38,"column":63},"end":{"line":38,"column":82}}},"4":{"name":"(anonymous_4)","line":44,"loc":{"start":{"line":44,"column":15},"end":{"line":44,"column":31}}},"5":{"name":"(anonymous_5)","line":49,"loc":{"start":{"line":49,"column":29},"end":{"line":49,"column":45}}},"6":{"name":"(anonymous_6)","line":64,"loc":{"start":{"line":64,"column":67},"end":{"line":64,"column":82}}},"7":{"name":"(anonymous_7)","line":75,"loc":{"start":{"line":75,"column":11},"end":{"line":75,"column":27}}},"8":{"name":"(anonymous_8)","line":77,"loc":{"start":{"line":77,"column":15},"end":{"line":77,"column":31}}},"9":{"name":"(anonymous_9)","line":86,"loc":{"start":{"line":86,"column":52},"end":{"line":86,"column":68}}},"10":{"name":"(anonymous_10)","line":107,"loc":{"start":{"line":107,"column":23},"end":{"line":107,"column":40}}},"11":{"name":"(anonymous_11)","line":110,"loc":{"start":{"line":110,"column":25},"end":{"line":110,"column":42}}},"12":{"name":"(anonymous_12)","line":136,"loc":{"start":{"line":136,"column":34},"end":{"line":136,"column":46}}},"13":{"name":"(anonymous_13)","line":142,"loc":{"start":{"line":142,"column":30},"end":{"line":142,"column":45}}},"14":{"name":"(anonymous_14)","line":148,"loc":{"start":{"line":148,"column":33},"end":{"line":148,"column":50}}},"15":{"name":"(anonymous_15)","line":156,"loc":{"start":{"line":156,"column":17},"end":{"line":156,"column":32}}}},"statementMap":{"1":{"start":{"line":10,"column":0},"end":{"line":10,"column":61}},"2":{"start":{"line":12,"column":0},"end":{"line":12,"column":47}},"3":{"start":{"line":14,"column":0},"end":{"line":14,"column":95}},"4":{"start":{"line":14,"column":39},"end":{"line":14,"column":93}},"5":{"start":{"line":16,"column":0},"end":{"line":16,"column":31}},"6":{"start":{"line":18,"column":0},"end":{"line":18,"column":35}},"7":{"start":{"line":20,"column":0},"end":{"line":20,"column":41}},"8":{"start":{"line":22,"column":0},"end":{"line":22,"column":28}},"9":{"start":{"line":24,"column":0},"end":{"line":24,"column":35}},"10":{"start":{"line":26,"column":0},"end":{"line":26,"column":35}},"11":{"start":{"line":28,"column":0},"end":{"line":28,"column":39}},"12":{"start":{"line":30,"column":0},"end":{"line":30,"column":38}},"13":{"start":{"line":32,"column":0},"end":{"line":32,"column":35}},"14":{"start":{"line":33,"column":0},"end":{"line":33,"column":32}},"15":{"start":{"line":35,"column":0},"end":{"line":163,"column":2}},"16":{"start":{"line":38,"column":4},"end":{"line":59,"column":7}},"17":{"start":{"line":39,"column":8},"end":{"line":42,"column":9}},"18":{"start":{"line":40,"column":12},"end":{"line":40,"column":54}},"19":{"start":{"line":41,"column":12},"end":{"line":41,"column":28}},"20":{"start":{"line":44,"column":8},"end":{"line":58,"column":10}},"21":{"start":{"line":45,"column":12},"end":{"line":45,"column":84}},"22":{"start":{"line":46,"column":12},"end":{"line":46,"column":54}},"23":{"start":{"line":47,"column":12},"end":{"line":47,"column":70}},"24":{"start":{"line":48,"column":12},"end":{"line":48,"column":60}},"25":{"start":{"line":49,"column":12},"end":{"line":54,"column":15}},"26":{"start":{"line":50,"column":16},"end":{"line":53,"column":17}},"27":{"start":{"line":51,"column":20},"end":{"line":51,"column":87}},"28":{"start":{"line":52,"column":20},"end":{"line":52,"column":47}},"29":{"start":{"line":55,"column":12},"end":{"line":55,"column":46}},"30":{"start":{"line":57,"column":12},"end":{"line":57,"column":25}},"31":{"start":{"line":63,"column":4},"end":{"line":63,"column":30}},"32":{"start":{"line":64,"column":4},"end":{"line":80,"column":7}},"33":{"start":{"line":66,"column":8},"end":{"line":68,"column":9}},"34":{"start":{"line":67,"column":12},"end":{"line":67,"column":45}},"35":{"start":{"line":69,"column":8},"end":{"line":71,"column":9}},"36":{"start":{"line":70,"column":12},"end":{"line":70,"column":54}},"37":{"start":{"line":73,"column":8},"end":{"line":73,"column":52}},"38":{"start":{"line":74,"column":8},"end":{"line":74,"column":24}},"39":{"start":{"line":76,"column":8},"end":{"line":76,"column":152}},"40":{"start":{"line":77,"column":8},"end":{"line":79,"column":10}},"41":{"start":{"line":78,"column":12},"end":{"line":78,"column":49}},"42":{"start":{"line":84,"column":4},"end":{"line":84,"column":44}},"43":{"start":{"line":85,"column":4},"end":{"line":85,"column":48}},"44":{"start":{"line":86,"column":4},"end":{"line":94,"column":23}},"45":{"start":{"line":87,"column":8},"end":{"line":89,"column":9}},"46":{"start":{"line":88,"column":12},"end":{"line":88,"column":36}},"47":{"start":{"line":90,"column":8},"end":{"line":92,"column":9}},"48":{"start":{"line":91,"column":12},"end":{"line":91,"column":38}},"49":{"start":{"line":93,"column":8},"end":{"line":93,"column":20}},"50":{"start":{"line":98,"column":4},"end":{"line":105,"column":7}},"51":{"start":{"line":106,"column":4},"end":{"line":113,"column":5}},"52":{"start":{"line":107,"column":8},"end":{"line":109,"column":11}},"53":{"start":{"line":108,"column":12},"end":{"line":108,"column":78}},"54":{"start":{"line":110,"column":8},"end":{"line":112,"column":11}},"55":{"start":{"line":111,"column":12},"end":{"line":111,"column":50}},"56":{"start":{"line":115,"column":4},"end":{"line":132,"column":5}},"57":{"start":{"line":116,"column":8},"end":{"line":120,"column":9}},"58":{"start":{"line":117,"column":12},"end":{"line":117,"column":26}},"59":{"start":{"line":118,"column":12},"end":{"line":118,"column":61}},"60":{"start":{"line":119,"column":12},"end":{"line":119,"column":26}},"61":{"start":{"line":121,"column":8},"end":{"line":126,"column":9}},"62":{"start":{"line":122,"column":12},"end":{"line":122,"column":28}},"63":{"start":{"line":124,"column":12},"end":{"line":124,"column":67}},"64":{"start":{"line":125,"column":12},"end":{"line":125,"column":28}},"65":{"start":{"line":127,"column":8},"end":{"line":131,"column":9}},"66":{"start":{"line":128,"column":12},"end":{"line":128,"column":26}},"67":{"start":{"line":129,"column":12},"end":{"line":129,"column":62}},"68":{"start":{"line":130,"column":12},"end":{"line":130,"column":26}},"69":{"start":{"line":134,"column":4},"end":{"line":162,"column":5}},"70":{"start":{"line":135,"column":8},"end":{"line":141,"column":9}},"71":{"start":{"line":136,"column":12},"end":{"line":140,"column":15}},"72":{"start":{"line":137,"column":16},"end":{"line":137,"column":30}},"73":{"start":{"line":138,"column":16},"end":{"line":138,"column":58}},"74":{"start":{"line":139,"column":16},"end":{"line":139,"column":30}},"75":{"start":{"line":142,"column":8},"end":{"line":144,"column":11}},"76":{"start":{"line":143,"column":12},"end":{"line":143,"column":39}},"77":{"start":{"line":147,"column":8},"end":{"line":147,"column":42}},"78":{"start":{"line":148,"column":8},"end":{"line":152,"column":11}},"79":{"start":{"line":149,"column":12},"end":{"line":151,"column":13}},"80":{"start":{"line":150,"column":16},"end":{"line":150,"column":32}},"81":{"start":{"line":154,"column":8},"end":{"line":154,"column":20}},"82":{"start":{"line":156,"column":8},"end":{"line":161,"column":11}},"83":{"start":{"line":157,"column":12},"end":{"line":160,"column":13}},"84":{"start":{"line":158,"column":16},"end":{"line":158,"column":70}},"85":{"start":{"line":159,"column":16},"end":{"line":159,"column":32}}},"branchMap":{"1":{"line":14,"type":"cond-expr","locations":[{"start":{"line":14,"column":70},"end":{"line":14,"column":73}},{"start":{"line":14,"column":76},"end":{"line":14,"column":92}}]},"2":{"line":14,"type":"binary-expr","locations":[{"start":{"line":14,"column":46},"end":{"line":14,"column":49}},{"start":{"line":14,"column":53},"end":{"line":14,"column":67}}]},"3":{"line":39,"type":"if","locations":[{"start":{"line":39,"column":8},"end":{"line":39,"column":8}},{"start":{"line":39,"column":8},"end":{"line":39,"column":8}}]},"4":{"line":50,"type":"if","locations":[{"start":{"line":50,"column":16},"end":{"line":50,"column":16}},{"start":{"line":50,"column":16},"end":{"line":50,"column":16}}]},"5":{"line":66,"type":"if","locations":[{"start":{"line":66,"column":8},"end":{"line":66,"column":8}},{"start":{"line":66,"column":8},"end":{"line":66,"column":8}}]},"6":{"line":69,"type":"if","locations":[{"start":{"line":69,"column":8},"end":{"line":69,"column":8}},{"start":{"line":69,"column":8},"end":{"line":69,"column":8}}]},"7":{"line":76,"type":"cond-expr","locations":[{"start":{"line":76,"column":56},"end":{"line":76,"column":87}},{"start":{"line":76,"column":90},"end":{"line":76,"column":151}}]},"8":{"line":87,"type":"if","locations":[{"start":{"line":87,"column":8},"end":{"line":87,"column":8}},{"start":{"line":87,"column":8},"end":{"line":87,"column":8}}]},"9":{"line":90,"type":"if","locations":[{"start":{"line":90,"column":8},"end":{"line":90,"column":8}},{"start":{"line":90,"column":8},"end":{"line":90,"column":8}}]},"10":{"line":106,"type":"if","locations":[{"start":{"line":106,"column":4},"end":{"line":106,"column":4}},{"start":{"line":106,"column":4},"end":{"line":106,"column":4}}]},"11":{"line":115,"type":"if","locations":[{"start":{"line":115,"column":4},"end":{"line":115,"column":4}},{"start":{"line":115,"column":4},"end":{"line":115,"column":4}}]},"12":{"line":116,"type":"if","locations":[{"start":{"line":116,"column":8},"end":{"line":116,"column":8}},{"start":{"line":116,"column":8},"end":{"line":116,"column":8}}]},"13":{"line":127,"type":"if","locations":[{"start":{"line":127,"column":8},"end":{"line":127,"column":8}},{"start":{"line":127,"column":8},"end":{"line":127,"column":8}}]},"14":{"line":134,"type":"if","locations":[{"start":{"line":134,"column":4},"end":{"line":134,"column":4}},{"start":{"line":134,"column":4},"end":{"line":134,"column":4}}]},"15":{"line":135,"type":"if","locations":[{"start":{"line":135,"column":8},"end":{"line":135,"column":8}},{"start":{"line":135,"column":8},"end":{"line":135,"column":8}}]},"16":{"line":149,"type":"if","locations":[{"start":{"line":149,"column":12},"end":{"line":149,"column":12}},{"start":{"line":149,"column":12},"end":{"line":149,"column":12}}]},"17":{"line":157,"type":"if","locations":[{"start":{"line":157,"column":12},"end":{"line":157,"column":12}},{"start":{"line":157,"column":12},"end":{"line":157,"column":12}}]}},"code":["/**"," * @author Toru Nagashima"," * @copyright 2016 Toru Nagashima. All rights reserved."," * See LICENSE file in root directory for full license."," */","/* eslint no-console:0, no-process-exit:0, no-process-env:0 */","","\"use strict\";","","var _create = require(\"babel-runtime/core-js/object/create\");","","var _create2 = _interopRequireDefault(_create);","","function _interopRequireDefault(obj) { return obj && obj.__esModule ? obj : { default: obj }; }","","var _require = require(\"path\");","","var resolvePath = _require.resolve;","","var _require2 = require(\"child_process\");","","var spawn = _require2.spawn;","","var _require3 = require(\"resolve\");","","var resolveModule = _require3.sync;","","var _require4 = require(\"shell-quote\");","","var parseShellQuote = _require4.parse;","","var duplexer = require(\"duplexer\");","var Cpx = require(\"../lib/cpx\");","","module.exports = function main(source, outDir, args) {","    //--------------------------------------------------------------------------","    // Resolve Command.","    var commands = [].concat(args.command).filter(Boolean).map(function (command) {","        if (typeof command !== \"string\") {","            console.error(\"Invalid --command option\");","            process.exit(1);","        }","","        return function (file) {","            var env = (0, _create2.default)(process.env, { FILE: { value: file } });","            var parts = parseShellQuote(command, env);","            var child = spawn(parts[0], parts.slice(1), { env: env });","            var outer = duplexer(child.stdin, child.stdout);","            child.on(\"exit\", function (code) {","                if (code !== 0) {","                    var error = new Error(\"non-zero exit code in command: \" + command);","                    outer.emit(\"error\", error);","                }","            });","            child.stderr.pipe(process.stderr);","","            return outer;","        };","    });","","    //--------------------------------------------------------------------------","    // Resolve Transforms.","    var ABS_OR_REL = /^[.\\/]/;","    var transforms = [].concat(args.transform).filter(Boolean).map(function (arg) {","        // eslint-disable-line array-callback-return,consistent-return","        if (typeof arg === \"string\") {","            return { name: arg, argv: null };","        }","        if (typeof arg._[0] === \"string\") {","            return { name: arg._.shift(), argv: arg };","        }","","        console.error(\"Invalid --transform option\");","        process.exit(1);","    }).map(function (item) {","        var createStream = ABS_OR_REL.test(item.name) ? require(resolvePath(item.name)) : require(resolveModule(item.name, { basedir: process.cwd() }));","        return function (file) {","            return createStream(file, item.argv);","        };","    });","","    //--------------------------------------------------------------------------","    // Merge commands and transforms as same as order of process.argv.","    var C_OR_COMMAND = /^(?:-c|--command)$/;","    var T_OR_TRANSFORM = /^(?:-t|--transform)$/;","    var mergedTransformFactories = process.argv.map(function (part) {","        if (C_OR_COMMAND.test(part)) {","            return commands.shift();","        }","        if (T_OR_TRANSFORM.test(part)) {","            return transforms.shift();","        }","        return null;","    }).filter(Boolean);","","    //--------------------------------------------------------------------------","    // Main.","    var cpx = new Cpx(source, outDir, {","        transform: mergedTransformFactories,","        dereference: args.dereference,","        includeEmptyDirs: args.includeEmptyDirs,","        initialCopy: args.initial,","        preserve: args.preserve,","        update: args.update","    });","    if (args.verbose) {","        cpx.on(\"copy\", function (event) {","            console.log(\"Copied: \" + event.srcPath + \" --> \" + event.dstPath);","        });","        cpx.on(\"remove\", function (event) {","            console.log(\"Removed: \" + event.path);","        });","    }","","    if (args.clean) {","        if (args.verbose) {","            console.log();","            console.log(\"Clean: \" + cpx.src2dst(cpx.source));","            console.log();","        }","        try {","            cpx.cleanSync();","        } catch (err) {","            console.error(\"Failed to clean: \" + err.message + \".\");","            process.exit(1);","        }","        if (args.verbose) {","            console.log();","            console.log(\"Copy: \" + source + \" --> \" + outDir);","            console.log();","        }","    }","","    if (args.watch) {","        if (args.verbose) {","            cpx.on(\"watch-ready\", function () {","                console.log();","                console.log(\"Be watching in \" + cpx.base);","                console.log();","            });","        }","        cpx.on(\"watch-error\", function (err) {","            console.error(err.message);","        });","","        // In order to kill me by test harness on Windows.","        process.stdin.setEncoding(\"utf8\");","        process.stdin.on(\"data\", function (chunk) {","            if (chunk === \"KILL\") {","                process.exit(0);","            }","        });","","        cpx.watch();","    } else {","        cpx.copy(function (err) {","            if (err) {","                console.error(\"Failed to copy: \" + err.message + \".\");","                process.exit(1);","            }","        });","    }","};"],"l":{"10":1,"12":1,"14":1,"16":1,"18":1,"20":1,"22":1,"24":1,"26":1,"28":1,"30":1,"32":1,"33":1,"35":1,"38":0,"39":0,"40":0,"41":0,"44":0,"45":0,"46":0,"47":0,"48":0,"49":0,"50":0,"51":0,"52":0,"55":0,"57":0,"63":0,"64":0,"66":0,"67":0,"69":0,"70":0,"73":0,"74":0,"76":0,"77":0,"78":0,"84":0,"85":0,"86":0,"87":0,"88":0,"90":0,"91":0,"93":0,"98":0,"106":0,"107":0,"108":0,"110":0,"111":0,"115":0,"116":0,"117":0,"118":0,"119":0,"121":0,"122":0,"124":0,"125":0,"127":0,"128":0,"129":0,"130":0,"134":0,"135":0,"136":0,"137":0,"138":0,"139":0,"142":0,"143":0,"147":0,"148":0,"149":0,"150":0,"154":0,"156":0,"157":0,"158":0,"159":0}},"/home/travis/build/npmtest/node-npmtest-cpx/node_modules/cpx/bin/version.js":{"path":"/home/travis/build/npmtest/node-npmtest-cpx/node_modules/cpx/bin/version.js","s":{"1":1,"2":0,"3":0,"4":0,"5":1,"6":0},"b":{"1":[0,0]},"f":{"1":0,"2":0},"fnMap":{"1":{"name":"get","line":17,"loc":{"start":{"line":17,"column":0},"end":{"line":17,"column":19}}},"2":{"name":"version","line":30,"loc":{"start":{"line":30,"column":17},"end":{"line":30,"column":36}}}},"statementMap":{"1":{"start":{"line":17,"column":0},"end":{"line":23,"column":1}},"2":{"start":{"line":18,"column":4},"end":{"line":22,"column":5}},"3":{"start":{"line":19,"column":8},"end":{"line":19,"column":37}},"4":{"start":{"line":21,"column":8},"end":{"line":21,"column":20}},"5":{"start":{"line":30,"column":0},"end":{"line":32,"column":2}},"6":{"start":{"line":31,"column":4},"end":{"line":31,"column":77}}},"branchMap":{"1":{"line":31,"type":"binary-expr","locations":[{"start":{"line":31,"column":23},"end":{"line":31,"column":45}},{"start":{"line":31,"column":49},"end":{"line":31,"column":74}}]}},"code":["/**"," * @author Toru Nagashima"," * @copyright 2016 Toru Nagashima. All rights reserved."," * See LICENSE file in root directory for full license."," */","/* eslint no-console:0 */","","\"use strict\";","","/**"," * Reads `package.json` then returns the version text."," *"," * @param {string} path - The path of `package.json`."," * @returns {string|null} The version text."," */","","function get(path) {","    try {","        return require(path).version;","    } catch (_err) {","        return null;","    }","}","","/**"," * Prints the version text."," *"," * @returns {void}"," */","module.exports = function version() {","    console.log(\"v\" + (get(\"../package.json\") || get(\"../../package.json\")));","};"],"l":{"17":1,"18":0,"19":0,"21":0,"30":1,"31":0}}}